[2016-11-27 21:43:40] Serene started
[2016-11-27 21:43:40] Livingroom
[2016-11-27 21:43:58] Livingroom
[2016-11-27 21:45:18] Alarm deactivated
[2016-11-27 22:32:31] Grandma
[2016-11-27 22:35:04] Grandma
[2016-11-27 23:21:34] Grandma
[2016-11-27 23:21:34] Grandma
[2016-11-27 23:22:49] Grandma
[2016-11-27 23:22:49] Grandma
[2016-11-27 23:59:50] Grandma
[2016-11-27 23:59:50] Grandma
[2016-11-28 00:16:37] Grandma
[2016-11-28 00:16:37] Grandma
[2016-11-28 00:25:39] Grandma
[2016-11-28 00:25:39] Grandma
[2016-11-28 00:58:21] Grandma
[2016-11-28 00:58:21] Grandma
[2016-11-28 00:59:45] Grandma
[2016-11-28 00:59:45] Grandma
[2016-11-28 01:42:45] Grandma
[2016-11-28 01:42:45] Grandma
[2016-11-28 02:50:36] Bedroom
[2016-11-28 02:50:36] Bedroom
[2016-11-28 02:51:18] Bedroom
[2016-11-28 02:51:18] Bedroom
[2016-11-28 02:51:55] Bedroom
[2016-11-28 02:51:55] Bedroom
[2016-11-28 02:52:01] Bedroom
[2016-11-28 02:52:01] Bedroom
[2016-11-28 02:53:15] Bedroom
[2016-11-28 02:53:15] Bedroom
[2016-11-28 02:53:19] Livingroom
[2016-11-28 02:53:19] Livingroom
[2016-11-28 03:30:39] Livingroom
[2016-11-28 03:30:39] Livingroom
[2016-11-28 03:30:44] Bedroom
[2016-11-28 03:30:44] Bedroom
[2016-11-28 03:34:29] Bedroom
[2016-11-28 03:34:29] Bedroom
[2016-11-28 03:34:31] Bedroom
[2016-11-28 03:34:31] Bedroom
[2016-11-28 03:34:36] Livingroom
[2016-11-28 03:34:36] Livingroom
[2016-11-28 04:36:44] Livingroom
[2016-11-28 04:36:44] Livingroom
[2016-11-28 04:36:57] Livingroom
[2016-11-28 04:36:57] Livingroom
[2016-11-28 04:37:04] Bedroom
[2016-11-28 04:37:04] Bedroom
[2016-11-28 04:37:16] Bedroom
[2016-11-28 04:37:16] Bedroom
[2016-11-28 04:37:19] Livingroom
[2016-11-28 04:37:19] Livingroom
[2016-11-28 04:37:42] Livingroom
[2016-11-28 04:37:42] Livingroom
[2016-11-28 04:37:57] Bedroom
[2016-11-28 04:37:57] Bedroom
[2016-11-28 04:37:58] Bedroom
[2016-11-28 04:37:58] Bedroom
[2016-11-28 04:37:58] Bedroom
[2016-11-28 04:37:58] Bedroom
[2016-11-28 04:37:58] Bedroom
[2016-11-28 04:37:58] Bedroom
[2016-11-28 04:37:58] Bedroom
[2016-11-28 04:37:58] Bedroom
[2016-11-28 04:38:02] Bedroom
[2016-11-28 04:38:02] Bedroom
[2016-11-28 04:38:10] Bedroom
[2016-11-28 04:38:10] Bedroom
[2016-11-28 04:38:29] Bedroom
[2016-11-28 04:38:29] Bedroom
[2016-11-28 04:38:46] Bedroom
[2016-11-28 04:38:46] Bedroom
[2016-11-28 04:38:52] Bedroom
[2016-11-28 04:38:52] Bedroom
[2016-11-28 04:39:07] Bedroom
[2016-11-28 04:39:07] Bedroom
[2016-11-28 04:39:13] Bedroom
[2016-11-28 04:39:13] Bedroom
[2016-11-28 04:39:19] Bedroom
[2016-11-28 04:39:19] Bedroom
[2016-11-28 04:39:26] Bedroom
[2016-11-28 04:39:26] Bedroom
[2016-11-28 04:39:31] Bedroom
[2016-11-28 04:39:31] Bedroom
[2016-11-28 04:39:37] Bedroom
[2016-11-28 04:39:37] Bedroom
[2016-11-28 04:39:44] Bedroom
[2016-11-28 04:39:44] Bedroom
[2016-11-28 04:39:53] Bedroom
[2016-11-28 04:39:53] Bedroom
[2016-11-28 04:39:58] Bedroom
[2016-11-28 04:39:58] Bedroom
[2016-11-28 04:40:00] Bedroom
[2016-11-28 04:40:00] Bedroom
[2016-11-28 04:40:00] Bedroom
[2016-11-28 04:40:00] Bedroom
[2016-11-28 04:40:00] Bedroom
[2016-11-28 04:40:00] Bedroom
[2016-11-28 04:40:00] Bedroom
[2016-11-28 04:40:00] Bedroom
[2016-11-28 04:54:25] Bedroom
[2016-11-28 04:54:25] Bedroom
[2016-11-28 04:54:31] Bedroom
[2016-11-28 04:54:31] Bedroom
[2016-11-28 04:54:38] Bedroom
[2016-11-28 04:54:38] Bedroom
[2016-11-28 04:54:41] Livingroom
[2016-11-28 04:54:41] Livingroom
[2016-11-28 04:54:53] Livingroom
[2016-11-28 04:54:53] Livingroom
[2016-11-28 04:55:08] Livingroom
[2016-11-28 04:55:08] Livingroom
[2016-11-28 04:55:25] Livingroom
[2016-11-28 04:55:25] Livingroom
[2016-11-28 04:55:38] Livingroom
[2016-11-28 04:55:38] Livingroom
[2016-11-28 04:55:49] Bedroom
[2016-11-28 04:55:49] Bedroom
[2016-11-28 04:55:56] Window
[2016-11-28 04:55:56] Window
[2016-11-28 04:56:13] Bedroom
[2016-11-28 04:56:13] Bedroom
[2016-11-28 04:56:19] Bedroom
[2016-11-28 04:56:19] Bedroom
[2016-11-28 04:56:22] Livingroom
[2016-11-28 04:56:22] Livingroom
[2016-11-28 05:06:46] Grandma
[2016-11-28 05:06:46] Grandma
[2016-11-28 05:07:22] Grandma
[2016-11-28 05:07:22] Grandma
[2016-11-28 05:32:30] Grandma
[2016-11-28 05:32:30] Grandma
[2016-11-28 05:32:47] Grandma
[2016-11-28 05:32:47] Grandma
[2016-11-28 06:13:25] Livingroom
[2016-11-28 06:13:25] Livingroom
[2016-11-28 06:13:43] Livingroom
[2016-11-28 06:13:43] Livingroom
[2016-11-28 06:13:52] Livingroom
[2016-11-28 06:13:52] Livingroom
[2016-11-28 07:40:39] Livingroom
[2016-11-28 07:40:39] Livingroom
[2016-11-28 07:40:46] Livingroom
[2016-11-28 07:40:46] Livingroom
[2016-11-28 07:40:53] Bedroom
[2016-11-28 07:40:53] Bedroom
[2016-11-28 07:41:08] Bedroom
[2016-11-28 07:41:08] Bedroom
[2016-11-28 07:41:14] Bedroom
[2016-11-28 07:41:14] Bedroom
[2016-11-28 07:41:20] Bedroom
[2016-11-28 07:41:20] Bedroom
[2016-11-28 07:41:26] Bedroom
[2016-11-28 07:41:26] Bedroom
[2016-11-28 07:41:33] Bedroom
[2016-11-28 07:41:33] Bedroom
[2016-11-28 07:41:36] Bedroom
[2016-11-28 07:41:36] Bedroom
[2016-11-28 07:41:36] Livingroom
[2016-11-28 07:41:36] Livingroom
[2016-11-28 07:41:36] Livingroom
[2016-11-28 07:41:36] Livingroom
[2016-11-28 07:42:25] Livingroom
[2016-11-28 07:42:25] Livingroom
[2016-11-28 07:43:54] Bedroom
[2016-11-28 07:43:54] Bedroom
[2016-11-28 07:43:56] Bedroom
[2016-11-28 07:43:56] Bedroom
[2016-11-28 07:43:56] Livingroom
[2016-11-28 07:43:56] Livingroom
[2016-11-28 07:43:56] Livingroom
[2016-11-28 07:43:56] Livingroom
[2016-11-28 07:44:33] Livingroom
[2016-11-28 07:44:33] Livingroom
[2016-11-28 07:44:39] Livingroom
[2016-11-28 07:44:39] Livingroom
[2016-11-28 07:50:32] Grandma
[2016-11-28 07:50:32] Grandma
[2016-11-28 07:51:13] Livingroom
[2016-11-28 07:51:13] Livingroom
[2016-11-28 07:51:18] Bedroom
[2016-11-28 07:51:18] Bedroom
[2016-11-28 07:51:27] Bedroom
[2016-11-28 07:51:27] Bedroom
[2016-11-28 07:51:32] Bedroom
[2016-11-28 07:51:32] Bedroom
[2016-11-28 07:51:49] Bedroom
[2016-11-28 07:51:49] Bedroom
[2016-11-28 07:51:55] Bedroom
[2016-11-28 07:51:55] Bedroom
[2016-11-28 07:52:01] Bedroom
[2016-11-28 07:52:01] Bedroom
[2016-11-28 07:52:08] Bedroom
[2016-11-28 07:52:08] Bedroom
[2016-11-28 07:52:14] Bedroom
[2016-11-28 07:52:14] Bedroom
[2016-11-28 07:52:25] Bedroom
[2016-11-28 07:52:25] Bedroom
[2016-11-28 07:52:38] Grandma
[2016-11-28 07:52:38] Grandma
[2016-11-28 07:52:44] Grandma
[2016-11-28 07:52:44] Grandma
[2016-11-28 07:52:44] Bedroom
[2016-11-28 07:52:44] Bedroom
[2016-11-28 07:52:44] Grandma
[2016-11-28 07:52:44] Grandma
[2016-11-28 07:52:46] Bedroom
[2016-11-28 07:52:46] Bedroom
[2016-11-28 07:52:50] Bedroom
[2016-11-28 07:52:50] Bedroom
[2016-11-28 07:53:03] Bedroom
[2016-11-28 07:53:03] Bedroom
[2016-11-28 07:53:25] Bedroom
[2016-11-28 07:53:25] Bedroom
[2016-11-28 07:53:27] Bedroom
[2016-11-28 07:53:27] Bedroom
[2016-11-28 07:53:27] Grandma
[2016-11-28 07:53:27] Grandma
[2016-11-28 07:53:27] Grandma
[2016-11-28 07:53:27] Grandma
[2016-11-28 07:53:40] Bedroom
[2016-11-28 07:53:40] Bedroom
[2016-11-28 07:54:05] Bedroom
[2016-11-28 07:54:05] Bedroom
[2016-11-28 07:54:21] Bedroom
[2016-11-28 07:54:21] Bedroom
[2016-11-28 07:54:30] Bedroom
[2016-11-28 07:54:30] Bedroom
[2016-11-28 07:54:37] Bedroom
[2016-11-28 07:54:37] Bedroom
[2016-11-28 07:54:44] Bedroom
[2016-11-28 07:54:44] Bedroom
[2016-11-28 07:54:59] Bedroom
[2016-11-28 07:54:59] Bedroom
[2016-11-28 07:55:05] Bedroom
[2016-11-28 07:55:05] Bedroom
[2016-11-28 07:55:13] Bedroom
[2016-11-28 07:55:13] Bedroom
[2016-11-28 07:55:24] Bedroom
[2016-11-28 07:55:24] Bedroom
[2016-11-28 07:55:33] Bedroom
[2016-11-28 07:55:33] Bedroom
[2016-11-28 07:55:41] Bedroom
[2016-11-28 07:55:41] Bedroom
[2016-11-28 07:56:20] Livingroom
[2016-11-28 07:56:20] Livingroom
[2016-11-28 08:00:44] Livingroom
[2016-11-28 08:00:44] Livingroom
[2016-11-28 08:00:50] Livingroom
[2016-11-28 08:00:50] Livingroom
[2016-11-28 08:01:36] Livingroom
[2016-11-28 08:01:36] Livingroom
[2016-11-28 08:03:15] Grandma
[2016-11-28 08:03:15] Grandma
[2016-11-28 08:12:19] Livingroom
[2016-11-28 08:12:19] Livingroom
[2016-11-28 08:13:11] Grandma
[2016-11-28 08:13:11] Grandma
[2016-11-28 08:13:18] Livingroom
[2016-11-28 08:13:18] Livingroom
[2016-11-28 08:13:22] Grandma
[2016-11-28 08:13:22] Grandma
[2016-11-28 08:13:23] Bedroom
[2016-11-28 08:13:23] Bedroom
[2016-11-28 08:13:23] Grandma
[2016-11-28 08:13:23] Grandma
[2016-11-28 08:13:24] Bedroom
[2016-11-28 08:13:24] Bedroom
[2016-11-28 08:13:24] Grandma
[2016-11-28 08:13:24] Grandma
[2016-11-28 08:13:24] Bedroom
[2016-11-28 08:13:24] Bedroom
[2016-11-28 08:13:29] Bedroom
[2016-11-28 08:13:29] Bedroom
[2016-11-28 08:13:32] Grandma
[2016-11-28 08:13:32] Grandma
[2016-11-28 08:13:45] Bedroom
[2016-11-28 08:13:45] Bedroom
[2016-11-28 08:13:48] Bedroom
[2016-11-28 08:13:48] Bedroom
[2016-11-28 08:13:48] Grandma
[2016-11-28 08:13:48] Grandma
[2016-11-28 08:13:48] Grandma
[2016-11-28 08:13:48] Grandma
[2016-11-28 08:14:32] Bedroom
[2016-11-28 08:14:32] Bedroom
[2016-11-28 08:14:46] Bedroom
[2016-11-28 08:14:46] Bedroom
[2016-11-28 08:14:48] Bedroom
[2016-11-28 08:14:48] Bedroom
[2016-11-28 08:14:48] Bedroom
[2016-11-28 08:14:48] Bedroom
[2016-11-28 08:14:49] Bedroom
[2016-11-28 08:14:49] Bedroom
[2016-11-28 08:14:49] Bedroom
[2016-11-28 08:14:49] Bedroom
[2016-11-28 08:14:54] Livingroom
[2016-11-28 08:14:54] Livingroom
[2016-11-28 08:15:09] Grandma
[2016-11-28 08:15:09] Grandma
[2016-11-28 08:15:09] Grandma
[2016-11-28 08:15:09] Grandma
[2016-11-28 08:15:09] Livingroom
[2016-11-28 08:15:09] Livingroom
[2016-11-28 08:15:11] Livingroom
[2016-11-28 08:15:11] Livingroom
[2016-11-28 08:15:26] Grandma
[2016-11-28 08:15:26] Grandma
[2016-11-28 08:15:33] Livingroom
[2016-11-28 08:15:33] Livingroom
[2016-11-28 08:15:39] Livingroom
[2016-11-28 08:15:39] Livingroom
[2016-11-28 08:18:06] Grandma
[2016-11-28 08:18:06] Grandma
[2016-11-28 08:18:15] Grandma
[2016-11-28 08:18:15] Grandma
[2016-11-28 08:20:01] Grandma
[2016-11-28 08:20:01] Grandma
[2016-11-28 08:38:01] Bedroom
[2016-11-28 08:38:01] Bedroom
[2016-11-28 08:38:03] Bedroom
[2016-11-28 08:38:03] Livingroom
[2016-11-28 08:38:03] Bedroom
[2016-11-28 08:38:03] Livingroom
[2016-11-28 08:38:04] Livingroom
[2016-11-28 08:38:04] Livingroom
[2016-11-28 08:38:26] Livingroom
[2016-11-28 08:38:26] Livingroom
[2016-11-28 08:38:52] Livingroom
[2016-11-28 08:38:52] Livingroom
[2016-11-28 08:51:13] Grandma
[2016-11-28 08:51:13] Grandma
[2016-11-28 08:51:40] Grandma
[2016-11-28 08:51:40] Grandma
[2016-11-28 08:51:56] Grandma
[2016-11-28 08:51:56] Grandma
[2016-11-28 08:52:07] Grandma
[2016-11-28 08:52:07] Grandma
[2016-11-28 08:52:16] Grandma
[2016-11-28 08:52:16] Grandma
[2016-11-28 08:53:20] Livingroom
[2016-11-28 08:53:20] Livingroom
[2016-11-28 08:53:25] Livingroom
[2016-11-28 08:53:25] Livingroom
[2016-11-28 08:53:28] Bedroom
[2016-11-28 08:53:28] Bedroom
[2016-11-28 09:04:02] Bedroom
[2016-11-28 09:04:02] Bedroom
[2016-11-28 09:04:05] Bedroom
[2016-11-28 09:04:05] Livingroom
[2016-11-28 09:04:05] Bedroom
[2016-11-28 09:04:05] Livingroom
[2016-11-28 09:04:05] Livingroom
[2016-11-28 09:04:05] Livingroom
[2016-11-28 09:04:16] Livingroom
[2016-11-28 09:04:16] Livingroom
[2016-11-28 09:04:36] Livingroom
[2016-11-28 09:04:36] Livingroom
[2016-11-28 09:05:15] Livingroom
[2016-11-28 09:05:15] Livingroom
[2016-11-28 09:05:20] Bedroom
[2016-11-28 09:05:20] Bedroom
[2016-11-28 09:08:46] Bedroom
[2016-11-28 09:08:46] Bedroom
[2016-11-28 09:14:30] Bedroom
[2016-11-28 09:14:30] Bedroom
[2016-11-28 09:14:35] Livingroom
[2016-11-28 09:14:35] Livingroom
[2016-11-28 09:14:46] Livingroom
[2016-11-28 09:14:46] Livingroom
[2016-11-28 09:14:54] Bedroom
[2016-11-28 09:14:54] Bedroom
[2016-11-28 09:15:12] Livingroom
[2016-11-28 09:15:12] Livingroom
[2016-11-28 09:15:16] Bedroom
[2016-11-28 09:15:16] Bedroom
[2016-11-28 09:16:26] Livingroom
[2016-11-28 09:16:26] Livingroom
[2016-11-28 09:17:24] Bedroom
[2016-11-28 09:17:24] Bedroom
[2016-11-28 09:17:51] Grandma
[2016-11-28 09:17:51] Grandma
[2016-11-28 09:18:01] Grandma
[2016-11-28 09:18:01] Grandma
[2016-11-28 09:18:09] Grandma
[2016-11-28 09:18:09] Grandma
[2016-11-28 09:18:20] Bedroom
[2016-11-28 09:18:20] Bedroom
[2016-11-28 09:31:02] Livingroom
[2016-11-28 09:31:02] Livingroom
[2016-11-28 09:32:24] Bedroom
[2016-11-28 09:32:24] Bedroom
[2016-11-28 09:37:11] Livingroom
[2016-11-28 09:37:11] Livingroom
[2016-11-28 09:37:16] Bedroom
[2016-11-28 09:37:16] Bedroom
[2016-11-28 09:37:27] Livingroom
[2016-11-28 09:37:27] Livingroom
[2016-11-28 09:37:33] Bedroom
[2016-11-28 09:37:33] Bedroom
[2016-11-28 09:37:35] Bedroom
[2016-11-28 09:37:35] Bedroom
[2016-11-28 09:37:44] Grandma
[2016-11-28 09:37:44] Grandma
[2016-11-28 09:37:53] Grandma
[2016-11-28 09:37:53] Grandma
[2016-11-28 09:37:54] Grandma
[2016-11-28 09:37:54] Grandma
[2016-11-28 09:37:54] Livingroom
[2016-11-28 09:37:54] Livingroom
[2016-11-28 09:37:55] Livingroom
[2016-11-28 09:37:55] Livingroom
[2016-11-28 09:45:37] Livingroom
[2016-11-28 09:45:37] Livingroom
[2016-11-28 09:45:43] Livingroom
[2016-11-28 09:45:43] Livingroom
[2016-11-28 09:45:51] Grandma
[2016-11-28 09:45:51] Grandma
[2016-11-28 09:46:22] Livingroom
[2016-11-28 09:46:22] Livingroom
[2016-11-28 09:46:59] Livingroom
[2016-11-28 09:46:59] Livingroom
[2016-11-28 09:47:50] Grandma
[2016-11-28 09:47:50] Grandma
[2016-11-28 09:49:50] Livingroom
[2016-11-28 09:49:50] Livingroom
[2016-11-28 09:49:55] Livingroom
[2016-11-28 09:49:55] Livingroom
[2016-11-28 09:49:58] Bedroom
[2016-11-28 09:49:58] Bedroom
[2016-11-28 09:49:58] Livingroom
[2016-11-28 09:49:58] Livingroom
[2016-11-28 09:49:58] Bedroom
[2016-11-28 09:49:58] Bedroom
[2016-11-28 09:52:33] Bedroom
[2016-11-28 09:52:33] Bedroom
[2016-11-28 09:52:35] Bedroom
[2016-11-28 09:52:35] Bedroom
[2016-11-28 09:52:35] Livingroom
[2016-11-28 09:52:35] Livingroom
[2016-11-28 09:52:36] Livingroom
[2016-11-28 09:52:36] Livingroom
[2016-11-28 09:52:41] Livingroom
[2016-11-28 09:52:41] Livingroom
[2016-11-28 09:52:43] Bedroom
[2016-11-28 09:52:43] Bedroom
[2016-11-28 09:52:50] Bedroom
[2016-11-28 09:52:50] Bedroom
[2016-11-28 09:52:55] Bedroom
[2016-11-28 09:52:55] Bedroom
[2016-11-28 09:53:02] Bedroom
[2016-11-28 09:53:02] Bedroom
[2016-11-28 09:53:15] Bedroom
[2016-11-28 09:53:15] Bedroom
[2016-11-28 09:53:21] Bedroom
[2016-11-28 09:53:21] Bedroom
[2016-11-28 09:53:27] Bedroom
[2016-11-28 09:53:27] Bedroom
[2016-11-28 09:53:35] Bedroom
[2016-11-28 09:53:35] Bedroom
[2016-11-28 09:53:44] Bedroom
[2016-11-28 09:53:44] Bedroom
[2016-11-28 09:53:49] Bedroom
[2016-11-28 09:53:49] Bedroom
[2016-11-28 09:53:57] Bedroom
[2016-11-28 09:53:57] Bedroom
[2016-11-28 09:54:02] Bedroom
[2016-11-28 09:54:02] Bedroom
[2016-11-28 09:54:13] Bedroom
[2016-11-28 09:54:13] Bedroom
[2016-11-28 09:54:19] Bedroom
[2016-11-28 09:54:19] Bedroom
[2016-11-28 09:54:26] Bedroom
[2016-11-28 09:54:26] Bedroom
[2016-11-28 09:54:31] Bedroom
[2016-11-28 09:54:31] Bedroom
[2016-11-28 09:55:04] Bedroom
[2016-11-28 09:55:04] Bedroom
[2016-11-28 09:55:09] Bedroom
[2016-11-28 09:55:09] Bedroom
[2016-11-28 09:55:13] Livingroom
[2016-11-28 09:55:13] Livingroom
[2016-11-28 09:55:23] Livingroom
[2016-11-28 09:55:23] Livingroom
[2016-11-28 09:55:30] Bedroom
[2016-11-28 09:55:30] Bedroom
[2016-11-28 09:55:38] Livingroom
[2016-11-28 09:55:38] Livingroom
[2016-11-28 09:56:41] Livingroom
[2016-11-28 09:56:41] Livingroom
[2016-11-28 09:57:50] Grandma
[2016-11-28 09:57:50] Grandma
[2016-11-28 09:58:27] Livingroom
[2016-11-28 09:58:27] Livingroom
[2016-11-28 09:58:35] Livingroom
[2016-11-28 09:58:35] Livingroom
[2016-11-28 09:59:23] Bedroom
[2016-11-28 09:59:23] Bedroom
[2016-11-28 10:00:08] Livingroom
[2016-11-28 10:00:08] Livingroom
[2016-11-28 10:00:19] Livingroom
[2016-11-28 10:00:19] Livingroom
[2016-11-28 10:00:52] Grandma
[2016-11-28 10:00:52] Grandma
[2016-11-28 10:01:17] Grandma
[2016-11-28 10:01:17] Grandma
[2016-11-28 10:01:36] Livingroom
[2016-11-28 10:01:36] Livingroom
[2016-11-28 10:06:02] Grandma
[2016-11-28 10:06:02] Grandma
[2016-11-28 10:20:12] Grandma
[2016-11-28 10:20:12] Grandma
[2016-11-28 10:20:20] Grandma
[2016-11-28 10:20:20] Grandma
[2016-11-28 10:20:26] Grandma
[2016-11-28 10:20:26] Grandma
[2016-11-28 10:20:39] Grandma
[2016-11-28 10:20:39] Grandma
[2016-11-28 10:20:45] Grandma
[2016-11-28 10:20:45] Grandma
[2016-11-28 10:21:11] Grandma
[2016-11-28 10:21:11] Grandma
[2016-11-28 10:21:36] Alarm activated
[2016-11-28 10:21:39] Serene started
[2016-11-28 10:21:39] Serene started
[2016-11-28 10:21:39] Grandma
[2016-11-28 10:21:39] Grandma
[2016-11-28 10:21:39] Grandma
[2016-11-28 10:21:39] Grandma
[2016-11-28 10:21:39] Grandma
[2016-11-28 10:21:39] Grandma
[2016-11-28 10:21:39] Grandma
[2016-11-28 10:21:39] Grandma
[2016-11-28 10:21:46] Alarm deactivated
[2016-11-28 10:21:51] Grandma
[2016-11-28 10:21:51] Grandma
[2016-11-28 10:22:27] Grandma
[2016-11-28 10:22:27] Grandma
[2016-11-28 10:22:35] Grandma
[2016-11-28 10:22:35] Grandma
[2016-11-28 10:22:59] Grandma
[2016-11-28 10:22:59] Grandma
[2016-11-28 10:23:08] Grandma
[2016-11-28 10:23:08] Grandma
[2016-11-28 10:23:17] Grandma
[2016-11-28 10:23:17] Grandma
[2016-11-28 10:24:39] Grandma
[2016-11-28 10:24:39] Grandma
[2016-11-28 10:25:15] Livingroom
[2016-11-28 10:25:15] Livingroom
[2016-11-28 10:25:34] Livingroom
[2016-11-28 10:25:34] Livingroom
[2016-11-28 10:26:24] Grandma
[2016-11-28 10:26:24] Grandma
[2016-11-28 10:26:45] Livingroom
[2016-11-28 10:26:45] Livingroom
[2016-11-28 10:26:47] Livingroom
[2016-11-28 10:26:47] Livingroom
[2016-11-28 10:30:23] Grandma
[2016-11-28 10:30:23] Grandma
[2016-11-28 10:31:34] Livingroom
[2016-11-28 10:31:34] Livingroom
[2016-11-28 10:32:14] Grandma
[2016-11-28 10:32:14] Grandma
[2016-11-28 10:52:03] Grandma
[2016-11-28 10:52:03] Grandma
[2016-11-28 10:52:50] Bedroom
[2016-11-28 10:52:50] Bedroom
[2016-11-28 10:52:51] Bedroom
[2016-11-28 10:52:51] Bedroom
[2016-11-28 11:40:09] Grandma
[2016-11-28 11:40:09] Grandma
[2016-11-28 11:40:15] Grandma
[2016-11-28 11:40:15] Grandma
[2016-11-28 11:41:41] Grandma
[2016-11-28 11:41:41] Grandma
[2016-11-28 11:42:43] Grandma
[2016-11-28 11:42:43] Grandma
[2016-11-28 11:42:53] Grandma
[2016-11-28 11:42:53] Grandma
[2016-11-28 11:43:33] Grandma
[2016-11-28 11:43:33] Grandma
[2016-11-28 11:45:27] Grandma
[2016-11-28 11:45:27] Grandma
[2016-11-28 11:47:31] Grandma
[2016-11-28 11:47:31] Grandma
[2016-11-28 11:47:50] Livingroom
[2016-11-28 11:47:50] Livingroom
[2016-11-28 11:48:55] Livingroom
[2016-11-28 11:48:55] Livingroom
[2016-11-28 11:49:01] Livingroom
[2016-11-28 11:49:01] Livingroom
[2016-11-28 11:53:35] Bedroom
[2016-11-28 11:53:35] Bedroom
[2016-11-28 11:53:57] Livingroom
[2016-11-28 11:53:57] Livingroom
[2016-11-28 11:54:08] Bedroom
[2016-11-28 11:54:08] Bedroom
[2016-11-28 11:54:09] Bedroom
[2016-11-28 11:54:09] Bedroom
[2016-11-28 11:54:09] Livingroom
[2016-11-28 11:54:09] Livingroom
[2016-11-28 11:54:11] Livingroom
[2016-11-28 11:54:11] Livingroom
[2016-11-28 11:54:22] Livingroom
[2016-11-28 11:54:22] Livingroom
[2016-11-28 11:54:38] Livingroom
[2016-11-28 11:54:38] Livingroom
[2016-11-28 11:54:52] Livingroom
[2016-11-28 11:54:52] Livingroom
[2016-11-28 11:55:01] Livingroom
[2016-11-28 11:55:01] Livingroom
[2016-11-28 11:55:13] Livingroom
[2016-11-28 11:55:13] Livingroom
[2016-11-28 11:55:24] Livingroom
[2016-11-28 11:55:24] Livingroom
[2016-11-28 11:55:34] Livingroom
[2016-11-28 11:55:34] Livingroom
[2016-11-28 11:55:42] Grandma
[2016-11-28 11:55:42] Grandma
[2016-11-28 11:55:53] Livingroom
[2016-11-28 11:55:53] Livingroom
[2016-11-28 11:56:32] Livingroom
[2016-11-28 11:56:32] Livingroom
[2016-11-28 11:59:58] Grandma
[2016-11-28 11:59:58] Grandma
[2016-11-28 12:00:15] Grandma
[2016-11-28 12:00:15] Grandma
[2016-11-28 12:00:29] Livingroom
[2016-11-28 12:00:29] Livingroom
[2016-11-28 12:00:39] Grandma
[2016-11-28 12:00:39] Grandma
[2016-11-28 12:00:48] Livingroom
[2016-11-28 12:00:48] Livingroom
[2016-11-28 12:00:53] Grandma
[2016-11-28 12:00:53] Grandma
[2016-11-28 12:00:54] Grandma
[2016-11-28 12:00:54] Livingroom
[2016-11-28 12:00:54] Grandma
[2016-11-28 12:00:54] Livingroom
[2016-11-28 12:00:56] Livingroom
[2016-11-28 12:00:56] Livingroom
[2016-11-28 12:01:01] Grandma
[2016-11-28 12:01:01] Grandma
[2016-11-28 12:01:07] Grandma
[2016-11-28 12:01:07] Grandma
[2016-11-28 12:01:14] Livingroom
[2016-11-28 12:01:14] Livingroom
[2016-11-28 12:01:16] Grandma
[2016-11-28 12:01:16] Livingroom
[2016-11-28 12:01:16] Grandma
[2016-11-28 12:01:16] Livingroom
[2016-11-28 12:01:16] Grandma
[2016-11-28 12:01:16] Grandma
[2016-11-28 12:01:26] Livingroom
[2016-11-28 12:01:26] Livingroom
[2016-11-28 12:01:30] Grandma
[2016-11-28 12:01:30] Grandma
[2016-11-28 12:01:34] Livingroom
[2016-11-28 12:01:34] Livingroom
[2016-11-28 12:01:44] Livingroom
[2016-11-28 12:01:44] Livingroom
[2016-11-28 12:01:52] Livingroom
[2016-11-28 12:01:52] Livingroom
[2016-11-28 12:01:56] Grandma
[2016-11-28 12:01:56] Grandma
[2016-11-28 12:02:09] Livingroom
[2016-11-28 12:02:09] Livingroom
[2016-11-28 12:02:22] Grandma
[2016-11-28 12:02:22] Grandma
[2016-11-28 12:02:31] Grandma
[2016-11-28 12:02:31] Grandma
[2016-11-28 12:02:39] Grandma
[2016-11-28 12:02:39] Grandma
[2016-11-28 12:02:44] Livingroom
[2016-11-28 12:02:44] Livingroom
[2016-11-28 12:02:50] Livingroom
[2016-11-28 12:02:50] Livingroom
[2016-11-28 12:02:57] Livingroom
[2016-11-28 12:02:57] Livingroom
[2016-11-28 12:03:06] Livingroom
[2016-11-28 12:03:06] Livingroom
[2016-11-28 12:03:29] Grandma
[2016-11-28 12:03:29] Grandma
[2016-11-28 12:03:37] Grandma
[2016-11-28 12:03:37] Grandma
[2016-11-28 12:03:44] Grandma
[2016-11-28 12:03:44] Grandma
[2016-11-28 12:04:06] Grandma
[2016-11-28 12:04:06] Grandma
[2016-11-28 12:04:22] Grandma
[2016-11-28 12:04:22] Grandma
[2016-11-28 12:05:19] Grandma
[2016-11-28 12:05:19] Grandma
[2016-11-28 12:05:58] Grandma
[2016-11-28 12:05:58] Grandma
[2016-11-28 12:06:23] Grandma
[2016-11-28 12:06:23] Grandma
[2016-11-28 12:06:34] Grandma
[2016-11-28 12:06:34] Grandma
[2016-11-28 12:06:57] Grandma
[2016-11-28 12:06:57] Grandma
[2016-11-28 12:07:26] Grandma
[2016-11-28 12:07:26] Grandma
[2016-11-28 12:07:47] Grandma
[2016-11-28 12:07:47] Grandma
[2016-11-28 12:08:13] Grandma
[2016-11-28 12:08:13] Grandma
[2016-11-28 12:09:23] Grandma
[2016-11-28 12:09:23] Grandma
[2016-11-28 12:10:57] Grandma
[2016-11-28 12:10:57] Grandma
[2016-11-28 12:11:41] Grandma
[2016-11-28 12:11:41] Grandma
[2016-11-28 12:12:44] Grandma
[2016-11-28 12:12:44] Grandma
[2016-11-28 12:14:57] Grandma
[2016-11-28 12:14:57] Grandma
[2016-11-28 12:16:02] Grandma
[2016-11-28 12:16:02] Grandma
[2016-11-28 12:17:12] Grandma
[2016-11-28 12:17:12] Grandma
[2016-11-28 12:17:59] Grandma
[2016-11-28 12:17:59] Grandma
[2016-11-28 12:18:29] Grandma
[2016-11-28 12:18:29] Grandma
[2016-11-28 12:19:29] Grandma
[2016-11-28 12:19:29] Grandma
[2016-11-28 12:23:27] Grandma
[2016-11-28 12:23:27] Grandma
[2016-11-28 12:25:47] Grandma
[2016-11-28 12:25:47] Grandma
[2016-11-28 12:26:00] Grandma
[2016-11-28 12:26:00] Grandma
[2016-11-28 12:26:32] Grandma
[2016-11-28 12:26:32] Grandma
[2016-11-28 12:29:16] Grandma
[2016-11-28 12:29:16] Grandma
[2016-11-28 12:30:21] Grandma
[2016-11-28 12:30:21] Grandma
[2016-11-28 12:30:45] Grandma
[2016-11-28 12:30:45] Grandma
[2016-11-28 12:31:28] Grandma
[2016-11-28 12:31:28] Grandma
[2016-11-28 12:31:44] Grandma
[2016-11-28 12:31:44] Grandma
[2016-11-28 12:32:00] Grandma
[2016-11-28 12:32:00] Grandma
[2016-11-28 12:33:36] Grandma
[2016-11-28 12:33:36] Grandma
[2016-11-28 12:33:42] Grandma
[2016-11-28 12:33:42] Grandma
[2016-11-28 12:33:49] Grandma
[2016-11-28 12:33:49] Grandma
[2016-11-28 12:34:01] Grandma
[2016-11-28 12:34:01] Grandma
[2016-11-28 12:34:07] Grandma
[2016-11-28 12:34:07] Grandma
[2016-11-28 12:34:12] Grandma
[2016-11-28 12:34:12] Grandma
[2016-11-28 12:34:24] Grandma
[2016-11-28 12:34:24] Grandma
[2016-11-28 12:35:15] Grandma
[2016-11-28 12:35:15] Grandma
[2016-11-28 12:35:24] Grandma
[2016-11-28 12:35:24] Grandma
[2016-11-28 12:35:34] Grandma
[2016-11-28 12:35:34] Grandma
[2016-11-28 12:35:41] Grandma
[2016-11-28 12:35:41] Grandma
[2016-11-28 12:35:48] Grandma
[2016-11-28 12:35:48] Grandma
[2016-11-28 12:35:56] Grandma
[2016-11-28 12:35:56] Grandma
[2016-11-28 12:36:56] Grandma
[2016-11-28 12:36:56] Grandma
[2016-11-28 12:37:01] Grandma
[2016-11-28 12:37:01] Grandma
[2016-11-28 12:43:00] Grandma
[2016-11-28 12:43:00] Grandma
[2016-11-28 12:44:45] Alarm activated
[2016-11-28 12:45:00] Serene started
[2016-11-28 12:45:00] Grandma
[2016-11-28 12:45:00] Grandma
[2016-11-28 12:45:00] Grandma
[2016-11-28 12:45:00] Grandma
[2016-11-28 12:45:00] Grandma
[2016-11-28 12:45:00] Grandma
[2016-11-28 12:45:00] Grandma
[2016-11-28 12:45:00] Grandma
[2016-11-28 12:45:53] Alarm deactivated
[2016-11-28 12:46:13] Grandma
[2016-11-28 12:46:13] Grandma
[2016-11-28 12:51:04] Alarm activated
[2016-11-28 12:51:06] Alarm deactivated
[2016-11-28 12:51:21] Alarm activated
[2016-11-28 12:51:26] Alarm deactivated
[2016-11-28 12:52:17] Alarm activated
[2016-11-28 12:52:37] Alarm deactivated
[2016-11-28 13:02:45] Grandma
[2016-11-28 13:02:45] Grandma
[2016-11-28 13:02:55] Grandma
[2016-11-28 13:02:55] Grandma
[2016-11-28 13:10:43] Livingroom
[2016-11-28 13:10:43] Livingroom
[2016-11-28 13:10:49] Livingroom
[2016-11-28 13:10:49] Livingroom
[2016-11-28 13:11:19] Bedroom
[2016-11-28 13:11:19] Bedroom
[2016-11-28 13:11:26] Bedroom
[2016-11-28 13:11:26] Bedroom
[2016-11-28 13:11:31] Grandma
[2016-11-28 13:11:31] Grandma
[2016-11-28 13:11:35] Grandma
[2016-11-28 13:11:35] Grandma
[2016-11-28 13:11:37] Bedroom
[2016-11-28 13:11:37] Bedroom
[2016-11-28 13:11:37] Grandma
[2016-11-28 13:11:37] Grandma
[2016-11-28 13:11:37] Bedroom
[2016-11-28 13:11:37] Bedroom
[2016-11-28 13:11:42] Bedroom
[2016-11-28 13:11:42] Bedroom
[2016-11-28 13:11:42] Bedroom
[2016-11-28 13:11:42] Bedroom
[2016-11-28 13:11:42] Grandma
[2016-11-28 13:11:42] Grandma
[2016-11-28 13:11:44] Grandma
[2016-11-28 13:11:44] Grandma
[2016-11-28 13:11:48] Grandma
[2016-11-28 13:11:48] Grandma
[2016-11-28 13:11:57] Grandma
[2016-11-28 13:11:57] Grandma
[2016-11-28 13:11:59] Grandma
[2016-11-28 13:11:59] Grandma
[2016-11-28 13:11:59] Livingroom
[2016-11-28 13:11:59] Livingroom
[2016-11-28 13:11:59] Livingroom
[2016-11-28 13:11:59] Livingroom
[2016-11-28 13:12:40] Grandma
[2016-11-28 13:12:40] Grandma
[2016-11-28 13:13:21] Grandma
[2016-11-28 13:13:21] Grandma
[2016-11-28 13:13:33] Grandma
[2016-11-28 13:13:33] Grandma
[2016-11-28 13:13:39] Grandma
[2016-11-28 13:13:39] Grandma
[2016-11-28 13:13:46] Grandma
[2016-11-28 13:13:46] Grandma
[2016-11-28 13:13:52] Grandma
[2016-11-28 13:13:52] Grandma
[2016-11-28 13:13:59] Grandma
[2016-11-28 13:13:59] Grandma
[2016-11-28 13:14:07] Grandma
[2016-11-28 13:14:07] Grandma
[2016-11-28 13:14:20] Grandma
[2016-11-28 13:14:20] Grandma
[2016-11-28 13:14:25] Grandma
[2016-11-28 13:14:25] Grandma
[2016-11-28 13:14:33] Grandma
[2016-11-28 13:14:33] Grandma
[2016-11-28 13:14:39] Grandma
[2016-11-28 13:14:39] Grandma
[2016-11-28 13:14:45] Grandma
[2016-11-28 13:14:45] Grandma
[2016-11-28 13:15:44] Grandma
[2016-11-28 13:15:44] Grandma
[2016-11-28 13:15:50] Grandma
[2016-11-28 13:15:50] Grandma
[2016-11-28 13:16:32] Grandma
[2016-11-28 13:16:32] Grandma
[2016-11-28 13:17:42] Grandma
[2016-11-28 13:17:42] Grandma
[2016-11-28 13:17:48] Grandma
[2016-11-28 13:17:48] Grandma
[2016-11-28 13:18:15] Livingroom
[2016-11-28 13:18:15] Livingroom
[2016-11-28 13:19:36] Grandma
[2016-11-28 13:19:36] Grandma
[2016-11-28 13:19:45] Grandma
[2016-11-28 13:19:45] Grandma
[2016-11-28 13:25:06] Grandma
[2016-11-28 13:25:06] Grandma
[2016-11-28 13:26:27] Livingroom
[2016-11-28 13:26:27] Livingroom
[2016-11-28 13:26:36] Livingroom
[2016-11-28 13:26:36] Livingroom
[2016-11-28 13:26:56] Livingroom
[2016-11-28 13:26:56] Livingroom
[2016-11-28 13:33:33] Grandma
[2016-11-28 13:33:33] Grandma
[2016-11-28 13:36:52] Grandma
[2016-11-28 13:36:52] Grandma
[2016-11-28 13:37:04] Livingroom
[2016-11-28 13:37:04] Livingroom
[2016-11-28 13:37:30] Livingroom
[2016-11-28 13:37:30] Livingroom
[2016-11-28 13:38:49] Livingroom
[2016-11-28 13:38:49] Livingroom
[2016-11-28 13:38:55] Livingroom
[2016-11-28 13:38:55] Livingroom
[2016-11-28 13:38:56] Bedroom
[2016-11-28 13:38:56] Bedroom
[2016-11-28 13:38:56] Livingroom
[2016-11-28 13:38:56] Livingroom
[2016-11-28 13:38:58] Bedroom
[2016-11-28 13:38:58] Bedroom
[2016-11-28 13:44:56] Livingroom
[2016-11-28 13:44:56] Livingroom
[2016-11-28 13:45:03] Livingroom
[2016-11-28 13:45:03] Livingroom
[2016-11-28 13:45:10] Livingroom
[2016-11-28 13:45:10] Livingroom
[2016-11-28 13:45:41] Livingroom
[2016-11-28 13:45:41] Livingroom
[2016-11-28 13:45:53] Bedroom
[2016-11-28 13:45:53] Bedroom
[2016-11-28 13:47:14] Livingroom
[2016-11-28 13:47:14] Livingroom
[2016-11-28 13:47:26] Livingroom
[2016-11-28 13:47:26] Livingroom
[2016-11-28 13:48:15] Livingroom
[2016-11-28 13:48:15] Livingroom
[2016-11-28 13:48:31] Livingroom
[2016-11-28 13:48:31] Livingroom
[2016-11-28 13:49:08] Livingroom
[2016-11-28 13:49:08] Livingroom
[2016-11-28 13:49:14] Livingroom
[2016-11-28 13:49:14] Livingroom
[2016-11-28 13:49:22] Livingroom
[2016-11-28 13:49:22] Livingroom
[2016-11-28 13:50:03] Livingroom
[2016-11-28 13:50:03] Livingroom
[2016-11-28 13:50:33] Livingroom
[2016-11-28 13:50:33] Livingroom
[2016-11-28 13:50:41] Bedroom
[2016-11-28 13:50:41] Bedroom
[2016-11-28 13:50:55] Bedroom
[2016-11-28 13:50:55] Bedroom
[2016-11-28 13:51:06] Bedroom
[2016-11-28 13:51:06] Bedroom
[2016-11-28 13:51:26] Bedroom
[2016-11-28 13:51:26] Bedroom
[2016-11-28 13:51:34] Bedroom
[2016-11-28 13:51:34] Bedroom
[2016-11-28 13:51:44] Bedroom
[2016-11-28 13:51:44] Bedroom
[2016-11-28 13:52:05] Bedroom
[2016-11-28 13:52:05] Bedroom
[2016-11-28 13:52:11] Bedroom
[2016-11-28 13:52:11] Bedroom
[2016-11-28 13:52:18] Bedroom
[2016-11-28 13:52:18] Bedroom
[2016-11-28 13:52:24] Bedroom
[2016-11-28 13:52:24] Bedroom
[2016-11-28 13:52:48] Bedroom
[2016-11-28 13:52:48] Bedroom
[2016-11-28 13:52:52] Livingroom
[2016-11-28 13:52:52] Livingroom
[2016-11-28 13:54:55] Livingroom
[2016-11-28 13:54:55] Livingroom
[2016-11-28 13:56:34] Bedroom
[2016-11-28 13:56:34] Bedroom
[2016-11-28 13:56:40] Livingroom
[2016-11-28 13:56:40] Livingroom
[2016-11-28 13:56:47] Livingroom
[2016-11-28 13:56:47] Livingroom
[2016-11-28 13:56:53] Bedroom
[2016-11-28 13:56:53] Bedroom
[2016-11-28 13:57:02] Bedroom
[2016-11-28 13:57:02] Bedroom
[2016-11-28 13:57:10] Bedroom
[2016-11-28 13:57:10] Bedroom
[2016-11-28 13:57:15] Bedroom
[2016-11-28 13:57:15] Bedroom
[2016-11-28 13:58:04] Bedroom
[2016-11-28 13:58:04] Bedroom
[2016-11-28 13:58:10] Bedroom
[2016-11-28 13:58:10] Bedroom
[2016-11-28 13:58:29] Bedroom
[2016-11-28 13:58:29] Bedroom
[2016-11-28 13:58:42] Bedroom
[2016-11-28 13:58:42] Bedroom
[2016-11-28 13:58:59] Bedroom
[2016-11-28 13:58:59] Bedroom
[2016-11-28 13:59:16] Bedroom
[2016-11-28 13:59:16] Bedroom
[2016-11-28 13:59:24] Bedroom
[2016-11-28 13:59:24] Bedroom
[2016-11-28 13:59:42] Bedroom
[2016-11-28 13:59:42] Bedroom
[2016-11-28 13:59:59] Bedroom
[2016-11-28 13:59:59] Bedroom
[2016-11-28 14:00:19] Bedroom
[2016-11-28 14:00:19] Bedroom
[2016-11-28 14:00:26] Bedroom
[2016-11-28 14:00:26] Bedroom
[2016-11-28 14:00:34] Bedroom
[2016-11-28 14:00:34] Bedroom
[2016-11-28 14:00:41] Bedroom
[2016-11-28 14:00:41] Bedroom
[2016-11-28 14:00:48] Bedroom
[2016-11-28 14:00:48] Bedroom
[2016-11-28 14:01:02] Bedroom
[2016-11-28 14:01:02] Bedroom
[2016-11-28 14:01:09] Bedroom
[2016-11-28 14:01:09] Bedroom
[2016-11-28 14:01:16] Bedroom
[2016-11-28 14:01:16] Bedroom
[2016-11-28 14:03:06] Bedroom
[2016-11-28 14:03:06] Bedroom
[2016-11-28 14:03:11] Bedroom
[2016-11-28 14:03:11] Bedroom
[2016-11-28 14:03:15] Livingroom
[2016-11-28 14:03:15] Livingroom
[2016-11-28 14:03:29] Livingroom
[2016-11-28 14:03:29] Livingroom
[2016-11-28 14:03:35] Bedroom
[2016-11-28 14:03:35] Bedroom
[2016-11-28 14:03:42] Bedroom
[2016-11-28 14:03:42] Bedroom
[2016-11-28 14:03:49] Bedroom
[2016-11-28 14:03:49] Bedroom
[2016-11-28 14:03:55] Bedroom
[2016-11-28 14:03:55] Bedroom
[2016-11-28 14:04:01] Livingroom
[2016-11-28 14:04:01] Livingroom
[2016-11-28 14:08:03] Livingroom
[2016-11-28 14:08:03] Livingroom
[2016-11-28 14:08:32] Livingroom
[2016-11-28 14:08:32] Livingroom
[2016-11-28 14:08:48] Livingroom
[2016-11-28 14:08:48] Livingroom
[2016-11-28 14:08:57] Livingroom
[2016-11-28 14:08:57] Livingroom
[2016-11-28 14:09:05] Livingroom
[2016-11-28 14:09:05] Livingroom
[2016-11-28 14:09:34] Bedroom
[2016-11-28 14:09:34] Bedroom
[2016-11-28 14:15:31] Livingroom
[2016-11-28 14:15:31] Livingroom
[2016-11-28 14:15:48] Livingroom
[2016-11-28 14:15:48] Livingroom
[2016-11-28 14:17:36] Livingroom
[2016-11-28 14:17:36] Livingroom
[2016-11-28 14:17:48] Livingroom
[2016-11-28 14:17:48] Livingroom
[2016-11-28 14:18:37] Livingroom
[2016-11-28 14:18:37] Livingroom
[2016-11-28 14:19:01] Livingroom
[2016-11-28 14:19:01] Livingroom
[2016-11-28 14:19:38] Livingroom
[2016-11-28 14:19:38] Livingroom
[2016-11-28 14:19:47] Livingroom
[2016-11-28 14:19:47] Livingroom
[2016-11-28 14:21:25] Livingroom
[2016-11-28 14:21:25] Livingroom
[2016-11-28 14:28:41] Livingroom
[2016-11-28 14:28:41] Livingroom
[2016-11-28 14:29:04] Livingroom
[2016-11-28 14:29:04] Livingroom
[2016-11-28 14:29:46] Bedroom
[2016-11-28 14:29:46] Bedroom
[2016-11-28 14:29:51] Bedroom
[2016-11-28 14:29:51] Bedroom
[2016-11-28 14:30:01] Bedroom
[2016-11-28 14:30:01] Bedroom
[2016-11-28 14:30:07] Livingroom
[2016-11-28 14:30:07] Livingroom
[2016-11-28 14:30:19] Livingroom
[2016-11-28 14:30:19] Livingroom
[2016-11-28 14:30:22] Bedroom
[2016-11-28 14:30:22] Bedroom
[2016-11-28 14:30:28] Bedroom
[2016-11-28 14:30:28] Bedroom
[2016-11-28 14:30:50] Bedroom
[2016-11-28 14:30:50] Bedroom
[2016-11-28 14:31:00] Bedroom
[2016-11-28 14:31:00] Bedroom
[2016-11-28 14:31:34] Bedroom
[2016-11-28 14:31:34] Bedroom
[2016-11-28 14:31:41] Bedroom
[2016-11-28 14:31:41] Bedroom
[2016-11-28 14:32:04] Bedroom
[2016-11-28 14:32:04] Bedroom
[2016-11-28 14:32:16] Bedroom
[2016-11-28 14:32:16] Bedroom
[2016-11-28 14:32:50] Bedroom
[2016-11-28 14:32:50] Bedroom
[2016-11-28 14:32:56] Bedroom
[2016-11-28 14:32:56] Bedroom
[2016-11-28 14:33:01] Bedroom
[2016-11-28 14:33:01] Bedroom
[2016-11-28 14:33:06] Bedroom
[2016-11-28 14:33:06] Bedroom
[2016-11-28 14:33:13] Bedroom
[2016-11-28 14:33:13] Bedroom
[2016-11-28 14:33:41] Bedroom
[2016-11-28 14:33:41] Bedroom
[2016-11-28 14:33:46] Bedroom
[2016-11-28 14:33:46] Bedroom
[2016-11-28 14:33:47] Bedroom
[2016-11-28 14:33:47] Bedroom
[2016-11-28 14:33:47] Bedroom
[2016-11-28 14:33:47] Bedroom
[2016-11-28 14:33:47] Bedroom
[2016-11-28 14:33:47] Bedroom
[2016-11-28 14:33:47] Bedroom
[2016-11-28 14:33:47] Bedroom
[2016-11-28 14:33:54] Bedroom
[2016-11-28 14:33:54] Bedroom
[2016-11-28 14:34:00] Bedroom
[2016-11-28 14:34:00] Bedroom
[2016-11-28 14:34:26] Bedroom
[2016-11-28 14:34:26] Bedroom
[2016-11-28 14:34:39] Bedroom
[2016-11-28 14:34:39] Bedroom
[2016-11-28 14:34:45] Bedroom
[2016-11-28 14:34:45] Bedroom
[2016-11-28 14:36:16] Bedroom
[2016-11-28 14:36:16] Bedroom
[2016-11-28 14:36:22] Bedroom
[2016-11-28 14:36:22] Bedroom
[2016-11-28 14:38:00] Bedroom
[2016-11-28 14:38:00] Bedroom
[2016-11-28 14:38:10] Bedroom
[2016-11-28 14:38:10] Bedroom
[2016-11-28 14:38:27] Bedroom
[2016-11-28 14:38:27] Bedroom
[2016-11-28 14:38:42] Bedroom
[2016-11-28 14:38:42] Bedroom
[2016-11-28 14:39:01] Bedroom
[2016-11-28 14:39:01] Bedroom
[2016-11-28 14:39:25] Livingroom
[2016-11-28 14:39:25] Livingroom
[2016-11-28 14:39:39] Livingroom
[2016-11-28 14:39:39] Livingroom
[2016-11-28 14:39:40] Bedroom
[2016-11-28 14:39:40] Bedroom
[2016-11-28 14:39:40] Livingroom
[2016-11-28 14:39:40] Livingroom
[2016-11-28 14:39:42] Bedroom
[2016-11-28 14:39:42] Bedroom
[2016-11-28 14:39:46] Bedroom
[2016-11-28 14:39:46] Bedroom
[2016-11-28 14:39:48] Bedroom
[2016-11-28 14:39:48] Bedroom
[2016-11-28 14:39:48] Livingroom
[2016-11-28 14:39:48] Livingroom
[2016-11-28 14:39:48] Livingroom
[2016-11-28 14:39:48] Livingroom
[2016-11-28 14:40:08] Grandma
[2016-11-28 14:40:08] Grandma
[2016-11-28 14:40:17] Bedroom
[2016-11-28 14:40:17] Bedroom
[2016-11-28 14:40:21] Grandma
[2016-11-28 14:40:21] Grandma
[2016-11-28 14:40:26] Bedroom
[2016-11-28 14:40:26] Bedroom
[2016-11-28 14:40:31] Bedroom
[2016-11-28 14:40:31] Bedroom
[2016-11-28 14:40:41] Grandma
[2016-11-28 14:40:41] Grandma
[2016-11-28 14:40:46] Grandma
[2016-11-28 14:40:46] Grandma
[2016-11-28 14:41:12] Livingroom
[2016-11-28 14:41:12] Livingroom
[2016-11-28 14:43:21] Bedroom
[2016-11-28 14:43:21] Bedroom
[2016-11-28 14:43:27] Bedroom
[2016-11-28 14:43:27] Bedroom
[2016-11-28 14:43:57] Livingroom
[2016-11-28 14:43:57] Livingroom
[2016-11-28 14:44:00] Bedroom
[2016-11-28 14:44:00] Bedroom
[2016-11-28 14:44:07] Bedroom
[2016-11-28 14:44:07] Bedroom
[2016-11-28 14:44:12] Bedroom
[2016-11-28 14:44:12] Bedroom
[2016-11-28 14:44:43] Bedroom
[2016-11-28 14:44:43] Bedroom
[2016-11-28 14:44:49] Bedroom
[2016-11-28 14:44:49] Bedroom
[2016-11-28 14:45:01] Bedroom
[2016-11-28 14:45:01] Bedroom
[2016-11-28 14:46:07] Bedroom
[2016-11-28 14:46:07] Bedroom
[2016-11-28 14:46:15] Bedroom
[2016-11-28 14:46:15] Bedroom
[2016-11-28 14:46:21] Bedroom
[2016-11-28 14:46:21] Bedroom
[2016-11-28 14:46:27] Bedroom
[2016-11-28 14:46:27] Bedroom
[2016-11-28 14:46:34] Bedroom
[2016-11-28 14:46:34] Bedroom
[2016-11-28 14:47:04] Bedroom
[2016-11-28 14:47:04] Bedroom
[2016-11-28 14:47:10] Bedroom
[2016-11-28 14:47:10] Bedroom
[2016-11-28 14:48:03] Livingroom
[2016-11-28 14:48:03] Livingroom
[2016-11-28 14:48:21] Livingroom
[2016-11-28 14:48:21] Livingroom
[2016-11-28 14:48:27] Bedroom
[2016-11-28 14:48:27] Bedroom
[2016-11-28 14:48:36] Bedroom
[2016-11-28 14:48:36] Bedroom
[2016-11-28 14:48:36] Bedroom
[2016-11-28 14:48:36] Bedroom
[2016-11-28 14:48:36] Livingroom
[2016-11-28 14:48:36] Livingroom
[2016-11-28 14:48:39] Livingroom
[2016-11-28 14:48:39] Livingroom
[2016-11-28 14:48:42] Bedroom
[2016-11-28 14:48:42] Bedroom
[2016-11-28 14:48:51] Bedroom
[2016-11-28 14:48:51] Bedroom
[2016-11-28 14:48:53] Bedroom
[2016-11-28 14:48:53] Livingroom
[2016-11-28 14:48:53] Bedroom
[2016-11-28 14:48:53] Livingroom
[2016-11-28 14:48:53] Livingroom
[2016-11-28 14:48:53] Livingroom
[2016-11-28 14:48:58] Bedroom
[2016-11-28 14:48:58] Bedroom
[2016-11-28 14:48:58] Bedroom
[2016-11-28 14:48:58] Bedroom
[2016-11-28 14:48:58] Bedroom
[2016-11-28 14:48:58] Grandma
[2016-11-28 14:48:58] Bedroom
[2016-11-28 14:48:58] Grandma
[2016-11-28 14:49:01] Grandma
[2016-11-28 14:49:01] Grandma
[2016-11-28 14:49:14] Bedroom
[2016-11-28 14:49:14] Bedroom
[2016-11-28 14:49:21] Bedroom
[2016-11-28 14:49:21] Bedroom
[2016-11-28 14:49:31] Bedroom
[2016-11-28 14:49:31] Bedroom
[2016-11-28 14:49:46] Bedroom
[2016-11-28 14:49:46] Bedroom
[2016-11-28 14:49:53] Bedroom
[2016-11-28 14:49:53] Bedroom
[2016-11-28 14:49:59] Bedroom
[2016-11-28 14:49:59] Bedroom
[2016-11-28 14:50:03] Livingroom
[2016-11-28 14:50:03] Livingroom
[2016-11-28 14:50:04] Livingroom
[2016-11-28 14:50:04] Livingroom
[2016-11-28 14:50:36] Livingroom
[2016-11-28 14:50:36] Livingroom
[2016-11-28 14:50:36] Livingroom
[2016-11-28 14:50:36] Livingroom
[2016-11-28 14:50:36] Livingroom
[2016-11-28 14:50:36] Livingroom
[2016-11-28 14:50:36] Livingroom
[2016-11-28 14:50:36] Livingroom
[2016-11-28 14:50:44] Livingroom
[2016-11-28 14:50:44] Livingroom
[2016-11-28 14:50:50] Bedroom
[2016-11-28 14:50:50] Bedroom
[2016-11-28 14:50:55] Bedroom
[2016-11-28 14:50:55] Bedroom
[2016-11-28 14:51:30] Bedroom
[2016-11-28 14:51:30] Bedroom
[2016-11-28 14:51:36] Bedroom
[2016-11-28 14:51:36] Bedroom
[2016-11-28 14:51:36] Bedroom
[2016-11-28 14:51:36] Bedroom
[2016-11-28 14:51:36] Bedroom
[2016-11-28 14:51:36] Bedroom
[2016-11-28 14:51:51] Livingroom
[2016-11-28 14:51:51] Livingroom
[2016-11-28 14:51:52] Bedroom
[2016-11-28 14:51:52] Bedroom
[2016-11-28 14:51:52] Livingroom
[2016-11-28 14:51:52] Livingroom
[2016-11-28 14:51:54] Bedroom
[2016-11-28 14:51:54] Bedroom
[2016-11-28 14:51:56] Livingroom
[2016-11-28 14:51:56] Livingroom
[2016-11-28 14:52:22] Livingroom
[2016-11-28 14:52:22] Livingroom
[2016-11-28 14:52:33] Livingroom
[2016-11-28 14:52:33] Livingroom
[2016-11-28 14:52:38] Bedroom
[2016-11-28 14:52:38] Bedroom
[2016-11-28 14:53:21] Bedroom
[2016-11-28 14:53:21] Bedroom
[2016-11-28 14:53:27] Bedroom
[2016-11-28 14:53:27] Bedroom
[2016-11-28 14:53:34] Bedroom
[2016-11-28 14:53:34] Bedroom
[2016-11-28 14:53:35] Bedroom
[2016-11-28 14:53:35] Bedroom
[2016-11-28 14:53:41] Bedroom
[2016-11-28 14:53:41] Bedroom
[2016-11-28 14:53:51] Bedroom
[2016-11-28 14:53:51] Bedroom
[2016-11-28 14:53:58] Bedroom
[2016-11-28 14:53:58] Bedroom
[2016-11-28 14:54:14] Bedroom
[2016-11-28 14:54:14] Bedroom
[2016-11-28 14:54:20] Bedroom
[2016-11-28 14:54:20] Bedroom
[2016-11-28 14:54:26] Bedroom
[2016-11-28 14:54:26] Bedroom
[2016-11-28 14:54:41] Bedroom
[2016-11-28 14:54:41] Bedroom
[2016-11-28 14:54:56] Bedroom
[2016-11-28 14:54:56] Bedroom
[2016-11-28 14:55:11] Bedroom
[2016-11-28 14:55:11] Bedroom
[2016-11-28 14:55:36] Bedroom
[2016-11-28 14:55:36] Bedroom
[2016-11-28 14:55:43] Bedroom
[2016-11-28 14:55:43] Bedroom
[2016-11-28 14:56:00] Bedroom
[2016-11-28 14:56:00] Bedroom
[2016-11-28 14:56:09] Bedroom
[2016-11-28 14:56:09] Bedroom
[2016-11-28 14:56:30] Bedroom
[2016-11-28 14:56:30] Bedroom
[2016-11-28 14:56:37] Bedroom
[2016-11-28 14:56:37] Bedroom
[2016-11-28 14:56:55] Bedroom
[2016-11-28 14:56:55] Bedroom
[2016-11-28 14:57:03] Bedroom
[2016-11-28 14:57:03] Bedroom
[2016-11-28 14:57:20] Bedroom
[2016-11-28 14:57:20] Bedroom
[2016-11-28 14:57:27] Bedroom
[2016-11-28 14:57:27] Bedroom
[2016-11-28 14:57:52] Bedroom
[2016-11-28 14:57:52] Bedroom
[2016-11-28 14:57:57] Bedroom
[2016-11-28 14:57:57] Bedroom
[2016-11-28 14:58:20] Bedroom
[2016-11-28 14:58:20] Bedroom
[2016-11-28 14:58:26] Bedroom
[2016-11-28 14:58:26] Bedroom
[2016-11-28 14:58:32] Bedroom
[2016-11-28 14:58:32] Bedroom
[2016-11-28 14:58:37] Bedroom
[2016-11-28 14:58:37] Bedroom
[2016-11-28 14:58:59] Bedroom
[2016-11-28 14:58:59] Bedroom
[2016-11-28 14:59:05] Bedroom
[2016-11-28 14:59:05] Bedroom
[2016-11-28 14:59:12] Bedroom
[2016-11-28 14:59:12] Bedroom
[2016-11-28 14:59:25] Bedroom
[2016-11-28 14:59:25] Bedroom
[2016-11-28 15:02:15] Bedroom
[2016-11-28 15:02:15] Bedroom
[2016-11-28 15:02:21] Bedroom
[2016-11-28 15:02:21] Bedroom
[2016-11-28 15:02:29] Bedroom
[2016-11-28 15:02:29] Bedroom
[2016-11-28 15:02:40] Bedroom
[2016-11-28 15:02:40] Bedroom
[2016-11-28 15:02:53] Bedroom
[2016-11-28 15:02:53] Bedroom
[2016-11-28 15:02:59] Bedroom
[2016-11-28 15:02:59] Bedroom
[2016-11-28 15:03:04] Bedroom
[2016-11-28 15:03:04] Bedroom
[2016-11-28 15:03:11] Bedroom
[2016-11-28 15:03:11] Bedroom
[2016-11-28 15:03:41] Bedroom
[2016-11-28 15:03:41] Bedroom
[2016-11-28 15:03:48] Bedroom
[2016-11-28 15:03:48] Bedroom
[2016-11-28 15:04:03] Bedroom
[2016-11-28 15:04:03] Bedroom
[2016-11-28 15:04:29] Bedroom
[2016-11-28 15:04:29] Bedroom
[2016-11-28 15:05:06] Bedroom
[2016-11-28 15:05:06] Bedroom
[2016-11-28 15:05:12] Bedroom
[2016-11-28 15:05:12] Bedroom
[2016-11-28 15:05:33] Bedroom
[2016-11-28 15:05:33] Bedroom
[2016-11-28 15:05:41] Bedroom
[2016-11-28 15:05:41] Bedroom
[2016-11-28 15:05:46] Bedroom
[2016-11-28 15:05:46] Bedroom
[2016-11-28 15:05:51] Bedroom
[2016-11-28 15:05:51] Bedroom
[2016-11-28 15:05:59] Bedroom
[2016-11-28 15:05:59] Bedroom
[2016-11-28 15:06:08] Bedroom
[2016-11-28 15:06:08] Bedroom
[2016-11-28 15:06:14] Bedroom
[2016-11-28 15:06:14] Bedroom
[2016-11-28 15:06:30] Bedroom
[2016-11-28 15:06:30] Bedroom
[2016-11-28 15:08:03] Bedroom
[2016-11-28 15:08:03] Bedroom
[2016-11-28 15:08:21] Bedroom
[2016-11-28 15:08:21] Bedroom
[2016-11-28 15:08:28] Bedroom
[2016-11-28 15:08:28] Bedroom
[2016-11-28 15:08:34] Bedroom
[2016-11-28 15:08:34] Bedroom
[2016-11-28 15:08:48] Bedroom
[2016-11-28 15:08:48] Bedroom
[2016-11-28 15:08:53] Bedroom
[2016-11-28 15:08:53] Bedroom
[2016-11-28 15:09:00] Bedroom
[2016-11-28 15:09:00] Bedroom
[2016-11-28 15:09:08] Bedroom
[2016-11-28 15:09:08] Bedroom
[2016-11-28 15:09:17] Bedroom
[2016-11-28 15:09:17] Bedroom
[2016-11-28 15:09:25] Bedroom
[2016-11-28 15:09:25] Bedroom
[2016-11-28 15:09:32] Bedroom
[2016-11-28 15:09:32] Bedroom
[2016-11-28 15:09:38] Bedroom
[2016-11-28 15:09:38] Bedroom
[2016-11-28 15:09:45] Bedroom
[2016-11-28 15:09:45] Bedroom
[2016-11-28 15:10:07] Bedroom
[2016-11-28 15:10:07] Bedroom
[2016-11-28 15:10:09] Bedroom
[2016-11-28 15:10:09] Bedroom
[2016-11-28 15:10:13] Bedroom
[2016-11-28 15:10:13] Bedroom
[2016-11-28 15:10:20] Bedroom
[2016-11-28 15:10:20] Bedroom
[2016-11-28 15:10:33] Bedroom
[2016-11-28 15:10:33] Bedroom
[2016-11-28 15:10:42] Bedroom
[2016-11-28 15:10:42] Bedroom
[2016-11-28 15:10:54] Bedroom
[2016-11-28 15:10:54] Bedroom
[2016-11-28 15:11:00] Bedroom
[2016-11-28 15:11:00] Bedroom
[2016-11-28 15:11:08] Bedroom
[2016-11-28 15:11:08] Bedroom
[2016-11-28 15:11:14] Bedroom
[2016-11-28 15:11:14] Bedroom
[2016-11-28 15:11:24] Bedroom
[2016-11-28 15:11:24] Bedroom
[2016-11-28 15:11:30] Bedroom
[2016-11-28 15:11:30] Bedroom
[2016-11-28 15:11:36] Bedroom
[2016-11-28 15:11:36] Bedroom
[2016-11-28 15:11:44] Bedroom
[2016-11-28 15:11:44] Bedroom
[2016-11-28 15:11:56] Bedroom
[2016-11-28 15:11:56] Bedroom
[2016-11-28 15:12:01] Bedroom
[2016-11-28 15:12:01] Bedroom
[2016-11-28 15:12:12] Window
[2016-11-28 15:12:12] Window
[2016-11-28 15:12:44] Window
[2016-11-28 15:12:44] Window
[2016-11-28 15:12:50] Bedroom
[2016-11-28 15:12:50] Bedroom
[2016-11-28 15:12:56] Bedroom
[2016-11-28 15:12:56] Bedroom
[2016-11-28 15:13:10] Bedroom
[2016-11-28 15:13:10] Bedroom
[2016-11-28 15:13:20] Bedroom
[2016-11-28 15:13:20] Bedroom
[2016-11-28 15:13:34] Bedroom
[2016-11-28 15:13:34] Bedroom
[2016-11-28 15:13:41] Bedroom
[2016-11-28 15:13:41] Bedroom
[2016-11-28 15:13:57] Bedroom
[2016-11-28 15:13:57] Bedroom
[2016-11-28 15:14:18] Bedroom
[2016-11-28 15:14:18] Bedroom
[2016-11-28 15:14:24] Bedroom
[2016-11-28 15:14:24] Bedroom
[2016-11-28 15:14:30] Bedroom
[2016-11-28 15:14:30] Bedroom
[2016-11-28 15:14:37] Bedroom
[2016-11-28 15:14:37] Bedroom
[2016-11-28 15:14:48] Bedroom
[2016-11-28 15:14:48] Bedroom
[2016-11-28 15:14:58] Bedroom
[2016-11-28 15:14:58] Bedroom
[2016-11-28 15:15:16] Bedroom
[2016-11-28 15:15:16] Bedroom
[2016-11-28 15:15:23] Bedroom
[2016-11-28 15:15:23] Bedroom
[2016-11-28 15:15:38] Bedroom
[2016-11-28 15:15:38] Bedroom
[2016-11-28 15:15:43] Bedroom
[2016-11-28 15:15:43] Bedroom
[2016-11-28 15:15:51] Bedroom
[2016-11-28 15:15:51] Bedroom
[2016-11-28 15:15:59] Bedroom
[2016-11-28 15:15:59] Bedroom
[2016-11-28 15:16:05] Bedroom
[2016-11-28 15:16:05] Bedroom
[2016-11-28 15:16:11] Bedroom
[2016-11-28 15:16:11] Bedroom
[2016-11-28 15:16:19] Bedroom
[2016-11-28 15:16:19] Bedroom
[2016-11-28 15:16:26] Bedroom
[2016-11-28 15:16:26] Bedroom
[2016-11-28 15:16:37] Bedroom
[2016-11-28 15:16:37] Bedroom
[2016-11-28 15:16:43] Bedroom
[2016-11-28 15:16:43] Bedroom
[2016-11-28 15:16:53] Bedroom
[2016-11-28 15:16:53] Bedroom
[2016-11-28 15:16:59] Bedroom
[2016-11-28 15:16:59] Bedroom
[2016-11-28 15:17:16] Bedroom
[2016-11-28 15:17:16] Bedroom
[2016-11-28 15:17:25] Bedroom
[2016-11-28 15:17:25] Bedroom
[2016-11-28 15:17:34] Bedroom
[2016-11-28 15:17:34] Bedroom
[2016-11-28 15:17:53] Bedroom
[2016-11-28 15:17:53] Bedroom
[2016-11-28 15:18:02] Bedroom
[2016-11-28 15:18:02] Bedroom
[2016-11-28 15:18:13] Bedroom
[2016-11-28 15:18:13] Bedroom
[2016-11-28 15:18:20] Bedroom
[2016-11-28 15:18:20] Bedroom
[2016-11-28 15:18:30] Bedroom
[2016-11-28 15:18:30] Bedroom
[2016-11-28 15:18:36] Bedroom
[2016-11-28 15:18:36] Bedroom
[2016-11-28 15:18:41] Bedroom
[2016-11-28 15:18:41] Bedroom
[2016-11-28 15:18:48] Bedroom
[2016-11-28 15:18:48] Bedroom
[2016-11-28 15:18:56] Bedroom
[2016-11-28 15:18:56] Bedroom
[2016-11-28 15:19:02] Bedroom
[2016-11-28 15:19:02] Bedroom
[2016-11-28 15:19:13] Bedroom
[2016-11-28 15:19:13] Bedroom
[2016-11-28 15:19:19] Bedroom
[2016-11-28 15:19:19] Bedroom
[2016-11-28 15:19:26] Bedroom
[2016-11-28 15:19:26] Bedroom
[2016-11-28 15:19:31] Bedroom
[2016-11-28 15:19:31] Bedroom
[2016-11-28 15:19:37] Bedroom
[2016-11-28 15:19:37] Bedroom
[2016-11-28 15:19:46] Bedroom
[2016-11-28 15:19:46] Bedroom
[2016-11-28 15:19:59] Bedroom
[2016-11-28 15:19:59] Bedroom
[2016-11-28 15:20:16] Bedroom
[2016-11-28 15:20:16] Bedroom
[2016-11-28 15:20:24] Bedroom
[2016-11-28 15:20:24] Bedroom
[2016-11-28 15:20:29] Bedroom
[2016-11-28 15:20:29] Bedroom
[2016-11-28 15:20:35] Bedroom
[2016-11-28 15:20:35] Bedroom
[2016-11-28 15:20:40] Bedroom
[2016-11-28 15:20:40] Bedroom
[2016-11-28 15:20:46] Bedroom
[2016-11-28 15:20:46] Bedroom
[2016-11-28 15:20:53] Bedroom
[2016-11-28 15:20:53] Bedroom
[2016-11-28 15:21:01] Bedroom
[2016-11-28 15:21:01] Bedroom
[2016-11-28 15:21:08] Bedroom
[2016-11-28 15:21:08] Bedroom
[2016-11-28 15:21:19] Bedroom
[2016-11-28 15:21:19] Bedroom
[2016-11-28 15:21:27] Bedroom
[2016-11-28 15:21:27] Bedroom
[2016-11-28 15:21:51] Bedroom
[2016-11-28 15:21:51] Bedroom
[2016-11-28 15:21:58] Bedroom
[2016-11-28 15:21:58] Bedroom
[2016-11-28 15:22:09] Bedroom
[2016-11-28 15:22:09] Bedroom
[2016-11-28 15:22:15] Bedroom
[2016-11-28 15:22:15] Bedroom
[2016-11-28 15:22:21] Bedroom
[2016-11-28 15:22:21] Bedroom
[2016-11-28 15:22:26] Bedroom
[2016-11-28 15:22:26] Bedroom
[2016-11-28 15:22:33] Bedroom
[2016-11-28 15:22:33] Bedroom
[2016-11-28 15:22:38] Bedroom
[2016-11-28 15:22:38] Bedroom
[2016-11-28 15:22:45] Bedroom
[2016-11-28 15:22:45] Bedroom
[2016-11-28 15:22:58] Bedroom
[2016-11-28 15:22:58] Bedroom
[2016-11-28 15:23:11] Bedroom
[2016-11-28 15:23:11] Bedroom
[2016-11-28 15:23:12] Bedroom
[2016-11-28 15:23:12] Bedroom
[2016-11-28 15:23:12] Bedroom
[2016-11-28 15:23:12] Bedroom
[2016-11-28 15:23:19] Bedroom
[2016-11-28 15:23:19] Bedroom
[2016-11-28 15:23:25] Bedroom
[2016-11-28 15:23:25] Bedroom
[2016-11-28 15:23:30] Bedroom
[2016-11-28 15:23:30] Bedroom
[2016-11-28 15:23:46] Bedroom
[2016-11-28 15:23:46] Bedroom
[2016-11-28 15:23:53] Bedroom
[2016-11-28 15:23:53] Bedroom
[2016-11-28 15:23:59] Bedroom
[2016-11-28 15:23:59] Bedroom
[2016-11-28 15:24:09] Bedroom
[2016-11-28 15:24:09] Bedroom
[2016-11-28 15:24:18] Bedroom
[2016-11-28 15:24:18] Bedroom
[2016-11-28 15:24:26] Bedroom
[2016-11-28 15:24:26] Bedroom
[2016-11-28 15:24:37] Bedroom
[2016-11-28 15:24:37] Bedroom
[2016-11-28 15:24:46] Bedroom
[2016-11-28 15:24:46] Bedroom
[2016-11-28 15:24:58] Bedroom
[2016-11-28 15:24:58] Bedroom
[2016-11-28 15:25:08] Bedroom
[2016-11-28 15:25:08] Bedroom
[2016-11-28 15:25:17] Bedroom
[2016-11-28 15:25:17] Bedroom
[2016-11-28 15:25:30] Bedroom
[2016-11-28 15:25:30] Bedroom
[2016-11-28 15:25:37] Bedroom
[2016-11-28 15:25:37] Bedroom
[2016-11-28 15:25:45] Bedroom
[2016-11-28 15:25:45] Bedroom
[2016-11-28 15:25:53] Bedroom
[2016-11-28 15:25:53] Bedroom
[2016-11-28 15:25:59] Bedroom
[2016-11-28 15:25:59] Bedroom
[2016-11-28 15:26:04] Bedroom
[2016-11-28 15:26:04] Bedroom
[2016-11-28 15:26:11] Bedroom
[2016-11-28 15:26:11] Bedroom
[2016-11-28 15:26:21] Bedroom
[2016-11-28 15:26:21] Bedroom
[2016-11-28 15:26:47] Bedroom
[2016-11-28 15:26:47] Bedroom
[2016-11-28 15:26:54] Bedroom
[2016-11-28 15:26:54] Bedroom
[2016-11-28 15:27:02] Bedroom
[2016-11-28 15:27:02] Bedroom
[2016-11-28 15:27:08] Bedroom
[2016-11-28 15:27:08] Bedroom
[2016-11-28 15:27:22] Bedroom
[2016-11-28 15:27:22] Bedroom
[2016-11-28 15:27:36] Bedroom
[2016-11-28 15:27:36] Bedroom
[2016-11-28 15:27:43] Bedroom
[2016-11-28 15:27:43] Bedroom
[2016-11-28 15:27:53] Bedroom
[2016-11-28 15:27:53] Bedroom
[2016-11-28 15:28:12] Bedroom
[2016-11-28 15:28:12] Bedroom
[2016-11-28 15:28:27] Bedroom
[2016-11-28 15:28:27] Bedroom
[2016-11-28 15:28:40] Bedroom
[2016-11-28 15:28:40] Bedroom
[2016-11-28 15:28:47] Bedroom
[2016-11-28 15:28:47] Bedroom
[2016-11-28 15:28:53] Bedroom
[2016-11-28 15:28:53] Bedroom
[2016-11-28 15:29:20] Bedroom
[2016-11-28 15:29:20] Bedroom
[2016-11-28 15:29:32] Bedroom
[2016-11-28 15:29:32] Bedroom
[2016-11-28 15:29:38] Bedroom
[2016-11-28 15:29:38] Bedroom
[2016-11-28 15:29:48] Bedroom
[2016-11-28 15:29:48] Bedroom
[2016-11-28 15:29:53] Bedroom
[2016-11-28 15:29:53] Bedroom
[2016-11-28 15:30:11] Bedroom
[2016-11-28 15:30:11] Bedroom
[2016-11-28 15:30:40] Bedroom
[2016-11-28 15:30:40] Bedroom
[2016-11-28 15:30:48] Bedroom
[2016-11-28 15:30:48] Bedroom
[2016-11-28 15:31:25] Bedroom
[2016-11-28 15:31:25] Bedroom
[2016-11-28 15:31:31] Bedroom
[2016-11-28 15:31:31] Bedroom
[2016-11-28 15:31:39] Bedroom
[2016-11-28 15:31:39] Bedroom
[2016-11-28 15:32:01] Bedroom
[2016-11-28 15:32:01] Bedroom
[2016-11-28 15:32:06] Bedroom
[2016-11-28 15:32:06] Bedroom
[2016-11-28 15:32:13] Bedroom
[2016-11-28 15:32:13] Bedroom
[2016-11-28 15:32:22] Bedroom
[2016-11-28 15:32:22] Bedroom
[2016-11-28 15:32:28] Bedroom
[2016-11-28 15:32:28] Bedroom
[2016-11-28 15:32:40] Bedroom
[2016-11-28 15:32:40] Bedroom
[2016-11-28 15:32:46] Bedroom
[2016-11-28 15:32:46] Bedroom
[2016-11-28 15:32:51] Bedroom
[2016-11-28 15:32:51] Bedroom
[2016-11-28 15:33:02] Bedroom
[2016-11-28 15:33:02] Bedroom
[2016-11-28 15:33:17] Bedroom
[2016-11-28 15:33:17] Bedroom
[2016-11-28 15:33:23] Bedroom
[2016-11-28 15:33:23] Bedroom
[2016-11-28 15:33:31] Bedroom
[2016-11-28 15:33:31] Bedroom
[2016-11-28 15:33:48] Bedroom
[2016-11-28 15:33:48] Bedroom
[2016-11-28 15:33:54] Bedroom
[2016-11-28 15:33:54] Bedroom
[2016-11-28 15:34:00] Bedroom
[2016-11-28 15:34:00] Bedroom
[2016-11-28 15:34:08] Bedroom
[2016-11-28 15:34:08] Bedroom
[2016-11-28 15:34:18] Bedroom
[2016-11-28 15:34:18] Bedroom
[2016-11-28 15:34:34] Bedroom
[2016-11-28 15:34:34] Bedroom
[2016-11-28 15:34:36] Bedroom
[2016-11-28 15:34:36] Bedroom
[2016-11-28 15:34:47] Bedroom
[2016-11-28 15:34:47] Bedroom
[2016-11-28 15:34:52] Bedroom
[2016-11-28 15:34:52] Bedroom
[2016-11-28 15:34:53] Bedroom
[2016-11-28 15:34:53] Bedroom
[2016-11-28 15:34:53] Livingroom
[2016-11-28 15:34:53] Livingroom
[2016-11-28 15:34:54] Livingroom
[2016-11-28 15:34:54] Livingroom
[2016-11-28 15:35:09] Bedroom
[2016-11-28 15:35:09] Bedroom
[2016-11-28 15:35:30] Bedroom
[2016-11-28 15:35:30] Bedroom
[2016-11-28 15:35:53] Bedroom
[2016-11-28 15:35:53] Bedroom
[2016-11-28 15:35:54] Bedroom
[2016-11-28 15:35:54] Bedroom
[2016-11-28 15:35:54] Livingroom
[2016-11-28 15:35:54] Livingroom
[2016-11-28 15:35:55] Livingroom
[2016-11-28 15:35:55] Livingroom
[2016-11-28 15:36:04] Bedroom
[2016-11-28 15:36:04] Bedroom
[2016-11-28 15:36:31] Bedroom
[2016-11-28 15:36:31] Bedroom
[2016-11-28 15:36:41] Bedroom
[2016-11-28 15:36:41] Bedroom
[2016-11-28 15:36:48] Bedroom
[2016-11-28 15:36:48] Bedroom
[2016-11-28 15:36:57] Bedroom
[2016-11-28 15:36:57] Bedroom
[2016-11-28 15:37:09] Bedroom
[2016-11-28 15:37:09] Bedroom
[2016-11-28 15:37:15] Bedroom
[2016-11-28 15:37:15] Bedroom
[2016-11-28 15:37:23] Bedroom
[2016-11-28 15:37:23] Bedroom
[2016-11-28 15:37:38] Bedroom
[2016-11-28 15:37:38] Bedroom
[2016-11-28 15:37:44] Bedroom
[2016-11-28 15:37:44] Bedroom
[2016-11-28 15:37:50] Bedroom
[2016-11-28 15:37:50] Bedroom
[2016-11-28 15:37:59] Bedroom
[2016-11-28 15:37:59] Bedroom
[2016-11-28 15:38:35] Bedroom
[2016-11-28 15:38:35] Bedroom
[2016-11-28 15:38:41] Bedroom
[2016-11-28 15:38:41] Bedroom
[2016-11-28 15:38:56] Bedroom
[2016-11-28 15:38:56] Bedroom
[2016-11-28 15:39:02] Bedroom
[2016-11-28 15:39:02] Bedroom
[2016-11-28 15:39:12] Bedroom
[2016-11-28 15:39:12] Bedroom
[2016-11-28 15:39:23] Bedroom
[2016-11-28 15:39:23] Bedroom
[2016-11-28 15:39:52] Bedroom
[2016-11-28 15:39:52] Bedroom
[2016-11-28 15:40:00] Bedroom
[2016-11-28 15:40:00] Bedroom
[2016-11-28 15:40:09] Bedroom
[2016-11-28 15:40:09] Bedroom
[2016-11-28 15:40:15] Bedroom
[2016-11-28 15:40:15] Bedroom
[2016-11-28 15:40:37] Bedroom
[2016-11-28 15:40:37] Bedroom
[2016-11-28 15:40:56] Bedroom
[2016-11-28 15:40:56] Bedroom
[2016-11-28 15:41:08] Bedroom
[2016-11-28 15:41:08] Bedroom
[2016-11-28 15:41:15] Bedroom
[2016-11-28 15:41:15] Bedroom
[2016-11-28 15:41:33] Bedroom
[2016-11-28 15:41:33] Bedroom
[2016-11-28 15:41:38] Bedroom
[2016-11-28 15:41:38] Bedroom
[2016-11-28 15:41:46] Bedroom
[2016-11-28 15:41:46] Bedroom
[2016-11-28 15:41:56] Bedroom
[2016-11-28 15:41:56] Bedroom
[2016-11-28 15:42:12] Bedroom
[2016-11-28 15:42:12] Bedroom
[2016-11-28 15:42:25] Bedroom
[2016-11-28 15:42:25] Bedroom
[2016-11-28 15:42:34] Bedroom
[2016-11-28 15:42:34] Bedroom
[2016-11-28 15:42:41] Bedroom
[2016-11-28 15:42:41] Bedroom
[2016-11-28 15:42:46] Bedroom
[2016-11-28 15:42:46] Bedroom
[2016-11-28 15:42:52] Bedroom
[2016-11-28 15:42:52] Bedroom
[2016-11-28 15:42:57] Bedroom
[2016-11-28 15:42:57] Bedroom
[2016-11-28 15:43:03] Bedroom
[2016-11-28 15:43:03] Bedroom
[2016-11-28 15:43:08] Bedroom
[2016-11-28 15:43:08] Bedroom
[2016-11-28 15:43:17] Bedroom
[2016-11-28 15:43:17] Bedroom
[2016-11-28 15:43:26] Bedroom
[2016-11-28 15:43:26] Bedroom
[2016-11-28 15:43:32] Bedroom
[2016-11-28 15:43:32] Bedroom
[2016-11-28 15:43:37] Bedroom
[2016-11-28 15:43:37] Bedroom
[2016-11-28 15:43:43] Bedroom
[2016-11-28 15:43:43] Bedroom
[2016-11-28 15:43:50] Bedroom
[2016-11-28 15:43:50] Bedroom
[2016-11-28 15:43:56] Bedroom
[2016-11-28 15:43:56] Bedroom
[2016-11-28 15:44:03] Bedroom
[2016-11-28 15:44:03] Bedroom
[2016-11-28 15:44:15] Bedroom
[2016-11-28 15:44:15] Bedroom
[2016-11-28 15:44:23] Bedroom
[2016-11-28 15:44:23] Bedroom
[2016-11-28 15:44:30] Bedroom
[2016-11-28 15:44:30] Bedroom
[2016-11-28 15:44:48] Bedroom
[2016-11-28 15:44:48] Bedroom
[2016-11-28 15:44:58] Bedroom
[2016-11-28 15:44:58] Bedroom
[2016-11-28 15:45:05] Bedroom
[2016-11-28 15:45:05] Bedroom
[2016-11-28 15:45:13] Bedroom
[2016-11-28 15:45:13] Bedroom
[2016-11-28 15:45:19] Bedroom
[2016-11-28 15:45:19] Bedroom
[2016-11-28 15:45:27] Bedroom
[2016-11-28 15:45:27] Bedroom
[2016-11-28 15:45:43] Bedroom
[2016-11-28 15:45:43] Bedroom
[2016-11-28 15:45:49] Bedroom
[2016-11-28 15:45:49] Bedroom
[2016-11-28 15:45:55] Bedroom
[2016-11-28 15:45:55] Bedroom
[2016-11-28 15:46:01] Bedroom
[2016-11-28 15:46:01] Bedroom
[2016-11-28 15:46:07] Bedroom
[2016-11-28 15:46:07] Bedroom
[2016-11-28 15:46:13] Bedroom
[2016-11-28 15:46:13] Bedroom
[2016-11-28 15:46:19] Bedroom
[2016-11-28 15:46:19] Bedroom
[2016-11-28 15:46:29] Bedroom
[2016-11-28 15:46:29] Bedroom
[2016-11-28 15:46:35] Bedroom
[2016-11-28 15:46:35] Bedroom
[2016-11-28 15:46:41] Bedroom
[2016-11-28 15:46:41] Bedroom
[2016-11-28 15:46:49] Bedroom
[2016-11-28 15:46:49] Bedroom
[2016-11-28 15:46:57] Bedroom
[2016-11-28 15:46:57] Bedroom
[2016-11-28 15:47:05] Bedroom
[2016-11-28 15:47:05] Bedroom
[2016-11-28 15:47:10] Bedroom
[2016-11-28 15:47:10] Bedroom
[2016-11-28 15:47:18] Bedroom
[2016-11-28 15:47:18] Bedroom
[2016-11-28 15:47:27] Bedroom
[2016-11-28 15:47:27] Bedroom
[2016-11-28 15:47:38] Bedroom
[2016-11-28 15:47:38] Bedroom
[2016-11-28 15:47:48] Bedroom
[2016-11-28 15:47:48] Bedroom
[2016-11-28 15:48:11] Bedroom
[2016-11-28 15:48:11] Bedroom
[2016-11-28 15:48:19] Bedroom
[2016-11-28 15:48:19] Bedroom
[2016-11-28 15:48:29] Bedroom
[2016-11-28 15:48:29] Bedroom
[2016-11-28 15:48:36] Bedroom
[2016-11-28 15:48:36] Bedroom
[2016-11-28 15:48:48] Bedroom
[2016-11-28 15:48:48] Bedroom
[2016-11-28 15:48:54] Bedroom
[2016-11-28 15:48:54] Bedroom
[2016-11-28 15:49:00] Bedroom
[2016-11-28 15:49:00] Bedroom
[2016-11-28 15:49:09] Bedroom
[2016-11-28 15:49:09] Bedroom
[2016-11-28 15:49:44] Bedroom
[2016-11-28 15:49:44] Bedroom
[2016-11-28 15:49:56] Bedroom
[2016-11-28 15:49:56] Bedroom
[2016-11-28 15:50:03] Bedroom
[2016-11-28 15:50:03] Bedroom
[2016-11-28 15:50:11] Bedroom
[2016-11-28 15:50:11] Bedroom
[2016-11-28 15:50:23] Grandma
[2016-11-28 15:50:23] Grandma
[2016-11-28 15:50:44] Bedroom
[2016-11-28 15:50:44] Bedroom
[2016-11-28 15:50:51] Bedroom
[2016-11-28 15:50:51] Bedroom
[2016-11-28 15:51:01] Bedroom
[2016-11-28 15:51:01] Bedroom
[2016-11-28 15:51:31] Livingroom
[2016-11-28 15:51:31] Livingroom
[2016-11-28 15:51:32] Grandma
[2016-11-28 15:51:32] Grandma
[2016-11-28 15:51:32] Livingroom
[2016-11-28 15:51:32] Livingroom
[2016-11-28 15:51:34] Grandma
[2016-11-28 15:51:34] Grandma
[2016-11-28 15:51:42] Bedroom
[2016-11-28 15:51:42] Bedroom
[2016-11-28 15:51:55] Bedroom
[2016-11-28 15:51:55] Bedroom
[2016-11-28 15:52:00] Livingroom
[2016-11-28 15:52:00] Livingroom
[2016-11-28 15:52:02] Bedroom
[2016-11-28 15:52:02] Bedroom
[2016-11-28 15:52:02] Livingroom
[2016-11-28 15:52:02] Livingroom
[2016-11-28 15:52:02] Bedroom
[2016-11-28 15:52:02] Bedroom
[2016-11-28 15:52:02] Livingroom
[2016-11-28 15:52:02] Livingroom
[2016-11-28 15:52:02] Bedroom
[2016-11-28 15:52:02] Bedroom
[2016-11-28 15:52:04] Bedroom
[2016-11-28 15:52:04] Bedroom
[2016-11-28 15:52:04] Bedroom
[2016-11-28 15:52:04] Bedroom
[2016-11-28 15:52:04] Bedroom
[2016-11-28 15:52:04] Bedroom
[2016-11-28 15:52:04] Bedroom
[2016-11-28 15:52:04] Bedroom
[2016-11-28 15:52:04] Bedroom
[2016-11-28 15:52:04] Bedroom
[2016-11-28 15:52:04] Bedroom
[2016-11-28 15:52:04] Bedroom
[2016-11-28 15:52:04] Bedroom
[2016-11-28 15:52:04] Bedroom
[2016-11-28 15:52:10] Livingroom
[2016-11-28 15:52:10] Livingroom
[2016-11-28 15:52:13] Bedroom
[2016-11-28 15:52:13] Bedroom
[2016-11-28 15:52:19] Grandma
[2016-11-28 15:52:19] Grandma
[2016-11-28 15:52:21] Bedroom
[2016-11-28 15:52:21] Bedroom
[2016-11-28 15:52:27] Bedroom
[2016-11-28 15:52:27] Bedroom
[2016-11-28 15:52:36] Bedroom
[2016-11-28 15:52:36] Bedroom
[2016-11-28 15:52:42] Bedroom
[2016-11-28 15:52:42] Bedroom
[2016-11-28 15:52:56] Bedroom
[2016-11-28 15:52:56] Bedroom
[2016-11-28 15:53:02] Bedroom
[2016-11-28 15:53:02] Bedroom
[2016-11-28 15:53:09] Bedroom
[2016-11-28 15:53:09] Bedroom
[2016-11-28 15:53:15] Bedroom
[2016-11-28 15:53:15] Bedroom
[2016-11-28 15:53:29] Bedroom
[2016-11-28 15:53:29] Bedroom
[2016-11-28 15:53:44] Bedroom
[2016-11-28 15:53:44] Bedroom
[2016-11-28 15:53:50] Bedroom
[2016-11-28 15:53:50] Bedroom
[2016-11-28 15:53:58] Bedroom
[2016-11-28 15:53:58] Bedroom
[2016-11-28 15:54:04] Bedroom
[2016-11-28 15:54:04] Bedroom
[2016-11-28 15:54:17] Bedroom
[2016-11-28 15:54:17] Bedroom
[2016-11-28 15:54:24] Bedroom
[2016-11-28 15:54:24] Bedroom
[2016-11-28 15:54:34] Bedroom
[2016-11-28 15:54:34] Bedroom
[2016-11-28 15:54:51] Bedroom
[2016-11-28 15:54:51] Bedroom
[2016-11-28 15:54:59] Bedroom
[2016-11-28 15:54:59] Bedroom
[2016-11-28 15:55:16] Bedroom
[2016-11-28 15:55:16] Bedroom
[2016-11-28 15:55:25] Bedroom
[2016-11-28 15:55:25] Bedroom
[2016-11-28 15:55:35] Bedroom
[2016-11-28 15:55:35] Bedroom
[2016-11-28 15:55:45] Bedroom
[2016-11-28 15:55:45] Bedroom
[2016-11-28 15:55:51] Bedroom
[2016-11-28 15:55:51] Bedroom
[2016-11-28 15:56:00] Bedroom
[2016-11-28 15:56:00] Bedroom
[2016-11-28 15:56:07] Bedroom
[2016-11-28 15:56:07] Bedroom
[2016-11-28 15:56:15] Bedroom
[2016-11-28 15:56:15] Bedroom
[2016-11-28 15:56:21] Bedroom
[2016-11-28 15:56:21] Bedroom
[2016-11-28 15:56:26] Bedroom
[2016-11-28 15:56:26] Bedroom
[2016-11-28 15:56:35] Bedroom
[2016-11-28 15:56:35] Bedroom
[2016-11-28 15:56:46] Bedroom
[2016-11-28 15:56:46] Bedroom
[2016-11-28 15:56:51] Bedroom
[2016-11-28 15:56:51] Bedroom
[2016-11-28 15:57:01] Bedroom
[2016-11-28 15:57:01] Bedroom
[2016-11-28 15:57:06] Bedroom
[2016-11-28 15:57:06] Bedroom
[2016-11-28 15:57:12] Bedroom
[2016-11-28 15:57:12] Bedroom
[2016-11-28 15:57:27] Bedroom
[2016-11-28 15:57:27] Bedroom
[2016-11-28 15:59:49] Bedroom
[2016-11-28 15:59:49] Bedroom
[2016-11-28 16:00:05] Bedroom
[2016-11-28 16:00:05] Bedroom
[2016-11-28 16:00:41] Bedroom
[2016-11-28 16:00:41] Bedroom
[2016-11-28 16:00:50] Bedroom
[2016-11-28 16:00:50] Bedroom
[2016-11-28 16:01:01] Bedroom
[2016-11-28 16:01:01] Bedroom
[2016-11-28 16:01:09] Bedroom
[2016-11-28 16:01:09] Bedroom
[2016-11-28 16:01:18] Bedroom
[2016-11-28 16:01:18] Bedroom
[2016-11-28 16:01:34] Bedroom
[2016-11-28 16:01:34] Bedroom
[2016-11-28 16:01:42] Bedroom
[2016-11-28 16:01:42] Bedroom
[2016-11-28 16:01:51] Bedroom
[2016-11-28 16:01:51] Bedroom
[2016-11-28 16:01:57] Bedroom
[2016-11-28 16:01:57] Bedroom
[2016-11-28 16:02:03] Bedroom
[2016-11-28 16:02:03] Bedroom
[2016-11-28 16:02:09] Bedroom
[2016-11-28 16:02:09] Bedroom
[2016-11-28 16:02:14] Bedroom
[2016-11-28 16:02:14] Bedroom
[2016-11-28 16:02:27] Bedroom
[2016-11-28 16:02:27] Bedroom
[2016-11-28 16:03:02] Bedroom
[2016-11-28 16:03:02] Bedroom
[2016-11-28 16:03:13] Bedroom
[2016-11-28 16:03:13] Bedroom
[2016-11-28 16:03:19] Bedroom
[2016-11-28 16:03:19] Bedroom
[2016-11-28 16:03:29] Bedroom
[2016-11-28 16:03:29] Bedroom
[2016-11-28 16:03:40] Bedroom
[2016-11-28 16:03:40] Bedroom
[2016-11-28 16:03:56] Bedroom
[2016-11-28 16:03:56] Bedroom
[2016-11-28 16:04:11] Bedroom
[2016-11-28 16:04:11] Bedroom
[2016-11-28 16:04:24] Bedroom
[2016-11-28 16:04:24] Bedroom
[2016-11-28 16:04:30] Bedroom
[2016-11-28 16:04:30] Bedroom
[2016-11-28 16:04:40] Bedroom
[2016-11-28 16:04:40] Bedroom
[2016-11-28 16:04:49] Bedroom
[2016-11-28 16:04:49] Bedroom
[2016-11-28 16:05:44] Bedroom
[2016-11-28 16:05:44] Bedroom
[2016-11-28 16:05:50] Bedroom
[2016-11-28 16:05:50] Bedroom
[2016-11-28 16:05:56] Bedroom
[2016-11-28 16:05:56] Bedroom
[2016-11-28 16:06:02] Bedroom
[2016-11-28 16:06:02] Bedroom
[2016-11-28 16:06:08] Bedroom
[2016-11-28 16:06:08] Bedroom
[2016-11-28 16:06:14] Bedroom
[2016-11-28 16:06:14] Bedroom
[2016-11-28 16:06:23] Bedroom
[2016-11-28 16:06:23] Bedroom
[2016-11-28 16:06:29] Bedroom
[2016-11-28 16:06:29] Bedroom
[2016-11-28 16:06:37] Bedroom
[2016-11-28 16:06:37] Bedroom
[2016-11-28 16:06:44] Livingroom
[2016-11-28 16:06:44] Livingroom
[2016-11-28 16:07:46] Livingroom
[2016-11-28 16:07:46] Livingroom
[2016-11-28 16:07:51] Livingroom
[2016-11-28 16:07:51] Livingroom
[2016-11-28 16:08:09] Livingroom
[2016-11-28 16:08:09] Livingroom
[2016-11-28 16:08:22] Livingroom
[2016-11-28 16:08:22] Livingroom
[2016-11-28 16:08:29] Bedroom
[2016-11-28 16:08:29] Bedroom
[2016-11-28 16:08:39] Bedroom
[2016-11-28 16:08:39] Bedroom
[2016-11-28 16:08:46] Bedroom
[2016-11-28 16:08:46] Bedroom
[2016-11-28 16:08:53] Bedroom
[2016-11-28 16:08:53] Bedroom
[2016-11-28 16:09:00] Bedroom
[2016-11-28 16:09:00] Bedroom
[2016-11-28 16:09:01] Bedroom
[2016-11-28 16:09:01] Bedroom
[2016-11-28 16:09:06] Bedroom
[2016-11-28 16:09:06] Bedroom
[2016-11-28 16:09:15] Bedroom
[2016-11-28 16:09:15] Bedroom
[2016-11-28 16:09:21] Bedroom
[2016-11-28 16:09:21] Bedroom
[2016-11-28 16:09:28] Bedroom
[2016-11-28 16:09:28] Bedroom
[2016-11-28 16:09:35] Bedroom
[2016-11-28 16:09:35] Bedroom
[2016-11-28 16:09:44] Bedroom
[2016-11-28 16:09:44] Bedroom
[2016-11-28 16:09:56] Bedroom
[2016-11-28 16:09:56] Bedroom
[2016-11-28 16:10:03] Bedroom
[2016-11-28 16:10:03] Bedroom
[2016-11-28 16:10:11] Bedroom
[2016-11-28 16:10:11] Bedroom
[2016-11-28 16:10:16] Bedroom
[2016-11-28 16:10:16] Bedroom
[2016-11-28 16:10:21] Bedroom
[2016-11-28 16:10:21] Bedroom
[2016-11-28 16:10:27] Bedroom
[2016-11-28 16:10:27] Bedroom
[2016-11-28 16:10:32] Bedroom
[2016-11-28 16:10:32] Bedroom
[2016-11-28 16:10:43] Bedroom
[2016-11-28 16:10:43] Bedroom
[2016-11-28 16:10:48] Bedroom
[2016-11-28 16:10:48] Bedroom
[2016-11-28 16:10:55] Bedroom
[2016-11-28 16:10:55] Bedroom
[2016-11-28 16:11:02] Bedroom
[2016-11-28 16:11:02] Bedroom
[2016-11-28 16:11:08] Bedroom
[2016-11-28 16:11:08] Bedroom
[2016-11-28 16:11:13] Bedroom
[2016-11-28 16:11:13] Bedroom
[2016-11-28 16:11:16] Livingroom
[2016-11-28 16:11:16] Livingroom
[2016-11-28 16:11:32] Livingroom
[2016-11-28 16:11:32] Livingroom
[2016-11-28 16:11:40] Bedroom
[2016-11-28 16:11:40] Bedroom
[2016-11-28 16:11:46] Bedroom
[2016-11-28 16:11:46] Bedroom
[2016-11-28 16:11:54] Livingroom
[2016-11-28 16:11:54] Livingroom
[2016-11-28 16:13:01] Livingroom
[2016-11-28 16:13:01] Livingroom
[2016-11-28 16:13:06] Livingroom
[2016-11-28 16:13:06] Livingroom
[2016-11-28 16:15:15] Livingroom
[2016-11-28 16:15:15] Livingroom
[2016-11-28 16:15:29] Bedroom
[2016-11-28 16:15:29] Bedroom
[2016-11-28 16:17:52] Bedroom
[2016-11-28 16:17:52] Bedroom
[2016-11-28 16:17:54] Bedroom
[2016-11-28 16:17:54] Bedroom
[2016-11-28 16:17:54] Livingroom
[2016-11-28 16:17:54] Livingroom
[2016-11-28 16:17:54] Livingroom
[2016-11-28 16:17:54] Livingroom
[2016-11-28 16:18:03] Livingroom
[2016-11-28 16:18:03] Livingroom
[2016-11-28 16:18:07] Bedroom
[2016-11-28 16:18:07] Bedroom
[2016-11-28 16:18:12] Bedroom
[2016-11-28 16:18:12] Bedroom
[2016-11-28 16:18:17] Bedroom
[2016-11-28 16:18:17] Bedroom
[2016-11-28 16:18:19] Bedroom
[2016-11-28 16:18:19] Bedroom
[2016-11-28 16:18:24] Livingroom
[2016-11-28 16:18:24] Livingroom
[2016-11-28 16:18:43] Livingroom
[2016-11-28 16:18:43] Livingroom
[2016-11-28 16:18:49] Livingroom
[2016-11-28 16:18:49] Livingroom
[2016-11-28 16:33:58] Livingroom
[2016-11-28 16:33:58] Livingroom
[2016-11-28 16:34:44] Grandma
[2016-11-28 16:34:44] Grandma
[2016-11-28 16:35:13] Grandma
[2016-11-28 16:35:13] Grandma
[2016-11-28 16:35:47] Grandma
[2016-11-28 16:35:47] Grandma
[2016-11-28 16:36:06] Grandma
[2016-11-28 16:36:06] Grandma
[2016-11-28 16:36:08] Grandma
[2016-11-28 16:36:08] Grandma
[2016-11-28 16:36:08] Grandma
[2016-11-28 16:36:08] Grandma
[2016-11-28 16:36:08] Grandma
[2016-11-28 16:36:08] Grandma
[2016-11-28 16:36:08] Grandma
[2016-11-28 16:36:08] Grandma
[2016-11-28 16:36:08] Grandma
[2016-11-28 16:36:08] Grandma
[2016-11-28 16:36:08] Grandma
[2016-11-28 16:36:08] Grandma
[2016-11-28 16:36:08] Grandma
[2016-11-28 16:36:08] Grandma
[2016-11-28 16:36:08] Grandma
[2016-11-28 16:36:08] Grandma
[2016-11-28 16:36:08] Grandma
[2016-11-28 16:36:08] Grandma
[2016-11-28 16:36:08] Grandma
[2016-11-28 16:36:08] Grandma
[2016-11-28 16:36:08] Grandma
[2016-11-28 16:36:08] Grandma
[2016-11-28 16:36:08] Grandma
[2016-11-28 16:36:09] Grandma
[2016-11-28 16:36:09] Grandma
[2016-11-28 16:36:09] Grandma
[2016-11-28 16:36:09] Grandma
[2016-11-28 16:36:17] Grandma
[2016-11-28 16:36:17] Grandma
[2016-11-28 16:37:21] Livingroom
[2016-11-28 16:37:21] Livingroom
[2016-11-28 16:37:28] Bedroom
[2016-11-28 16:37:28] Bedroom
[2016-11-28 16:37:49] Bedroom
[2016-11-28 16:37:49] Bedroom
[2016-11-28 16:38:00] Bedroom
[2016-11-28 16:38:00] Bedroom
[2016-11-28 16:38:06] Bedroom
[2016-11-28 16:38:06] Bedroom
[2016-11-28 16:38:11] Bedroom
[2016-11-28 16:38:11] Bedroom
[2016-11-28 16:38:14] Livingroom
[2016-11-28 16:38:14] Livingroom
[2016-11-28 16:38:26] Livingroom
[2016-11-28 16:38:26] Livingroom
[2016-11-28 16:38:42] Livingroom
[2016-11-28 16:38:42] Livingroom
[2016-11-28 16:38:51] Bedroom
[2016-11-28 16:38:51] Bedroom
[2016-11-28 16:39:51] Bedroom
[2016-11-28 16:39:51] Bedroom
[2016-11-28 17:07:15] Livingroom
[2016-11-28 17:07:15] Livingroom
[2016-11-28 17:07:34] Livingroom
[2016-11-28 17:07:34] Livingroom
[2016-11-28 17:38:37] Bedroom
[2016-11-28 17:38:37] Bedroom
[2016-11-28 17:49:52] Livingroom
[2016-11-28 17:49:52] Livingroom
[2016-11-28 17:50:47] Livingroom
[2016-11-28 17:50:47] Livingroom
[2016-11-28 18:09:22] Grandma
[2016-11-28 18:09:22] Grandma
[2016-11-28 18:09:29] Grandma
[2016-11-28 18:09:29] Grandma
[2016-11-28 18:09:38] Grandma
[2016-11-28 18:09:38] Grandma
[2016-11-28 18:11:59] Grandma
[2016-11-28 18:11:59] Grandma
[2016-11-28 18:21:35] Livingroom
[2016-11-28 18:21:35] Livingroom
[2016-11-28 18:22:02] Livingroom
[2016-11-28 18:22:02] Livingroom
[2016-11-28 18:40:23] Livingroom
[2016-11-28 18:40:23] Livingroom
[2016-11-28 18:40:36] Livingroom
[2016-11-28 18:40:36] Livingroom
[2016-11-28 18:40:40] Bedroom
[2016-11-28 18:40:40] Bedroom
[2016-11-28 18:41:37] Livingroom
[2016-11-28 18:41:37] Livingroom
[2016-11-28 18:41:43] Livingroom
[2016-11-28 18:41:43] Livingroom
[2016-11-28 18:42:31] Livingroom
[2016-11-28 18:42:31] Livingroom
[2016-11-28 18:42:49] Livingroom
[2016-11-28 18:42:49] Livingroom
[2016-11-28 18:42:55] Livingroom
[2016-11-28 18:42:55] Livingroom
[2016-11-28 18:49:21] Grandma
[2016-11-28 18:49:21] Grandma
[2016-11-28 18:49:38] Grandma
[2016-11-28 18:49:38] Grandma
[2016-11-28 18:51:06] Grandma
[2016-11-28 18:51:06] Grandma
[2016-11-28 18:52:45] Livingroom
[2016-11-28 18:52:45] Livingroom
[2016-11-28 18:52:54] Livingroom
[2016-11-28 18:52:54] Livingroom
[2016-11-28 18:53:13] Grandma
[2016-11-28 18:53:13] Grandma
[2016-11-28 18:53:21] Livingroom
[2016-11-28 18:53:21] Livingroom
[2016-11-28 18:53:32] Livingroom
[2016-11-28 18:53:32] Livingroom
[2016-11-28 18:53:34] Bedroom
[2016-11-28 18:53:34] Bedroom
[2016-11-28 18:53:34] Livingroom
[2016-11-28 18:53:34] Livingroom
[2016-11-28 18:53:34] Bedroom
[2016-11-28 18:53:34] Bedroom
[2016-11-28 18:53:37] Grandma
[2016-11-28 18:53:37] Grandma
[2016-11-28 18:54:26] Grandma
[2016-11-28 18:54:26] Grandma
[2016-11-28 18:54:39] Grandma
[2016-11-28 18:54:39] Grandma
[2016-11-28 19:01:20] Bedroom
[2016-11-28 19:01:20] Bedroom
[2016-11-28 19:01:22] Bedroom
[2016-11-28 19:01:22] Bedroom
[2016-11-28 19:01:22] Livingroom
[2016-11-28 19:01:22] Livingroom
[2016-11-28 19:01:22] Livingroom
[2016-11-28 19:01:22] Livingroom
[2016-11-28 19:01:51] Grandma
[2016-11-28 19:01:51] Grandma
[2016-11-28 19:02:01] Grandma
[2016-11-28 19:02:01] Grandma
[2016-11-28 19:02:06] Grandma
[2016-11-28 19:02:06] Grandma
[2016-11-28 19:02:13] Grandma
[2016-11-28 19:02:13] Grandma
[2016-11-28 19:02:22] Grandma
[2016-11-28 19:02:22] Grandma
[2016-11-28 19:02:35] Grandma
[2016-11-28 19:02:35] Grandma
[2016-11-28 19:02:40] Grandma
[2016-11-28 19:02:40] Grandma
[2016-11-28 19:02:46] Grandma
[2016-11-28 19:02:46] Grandma
[2016-11-28 19:02:56] Grandma
[2016-11-28 19:02:56] Grandma
[2016-11-28 19:03:05] Grandma
[2016-11-28 19:03:05] Grandma
[2016-11-28 19:03:13] Grandma
[2016-11-28 19:03:13] Grandma
[2016-11-28 19:03:29] Grandma
[2016-11-28 19:03:29] Grandma
[2016-11-28 19:03:40] Grandma
[2016-11-28 19:03:40] Grandma
[2016-11-28 19:03:51] Grandma
[2016-11-28 19:03:51] Grandma
[2016-11-28 19:04:00] Grandma
[2016-11-28 19:04:00] Grandma
[2016-11-28 19:04:25] Grandma
[2016-11-28 19:04:25] Grandma
[2016-11-28 19:04:39] Grandma
[2016-11-28 19:04:39] Grandma
[2016-11-28 19:04:58] Grandma
[2016-11-28 19:04:58] Grandma
[2016-11-28 19:05:05] Grandma
[2016-11-28 19:05:05] Grandma
[2016-11-28 19:05:58] Grandma
[2016-11-28 19:05:58] Grandma
[2016-11-28 19:06:10] Grandma
[2016-11-28 19:06:10] Grandma
[2016-11-28 19:06:21] Grandma
[2016-11-28 19:06:21] Grandma
[2016-11-28 19:06:36] Grandma
[2016-11-28 19:06:36] Grandma
[2016-11-28 19:07:06] Grandma
[2016-11-28 19:07:06] Grandma
[2016-11-28 19:07:22] Grandma
[2016-11-28 19:07:22] Grandma
[2016-11-28 19:07:34] Grandma
[2016-11-28 19:07:34] Grandma
[2016-11-28 19:07:41] Grandma
[2016-11-28 19:07:41] Grandma
[2016-11-28 19:07:56] Grandma
[2016-11-28 19:07:56] Grandma
[2016-11-28 19:08:09] Grandma
[2016-11-28 19:08:09] Grandma
[2016-11-28 19:08:18] Grandma
[2016-11-28 19:08:18] Grandma
[2016-11-28 19:08:34] Grandma
[2016-11-28 19:08:34] Grandma
[2016-11-28 19:08:43] Grandma
[2016-11-28 19:08:43] Grandma
[2016-11-28 19:08:52] Grandma
[2016-11-28 19:08:52] Grandma
[2016-11-28 19:09:05] Grandma
[2016-11-28 19:09:05] Grandma
[2016-11-28 19:09:14] Grandma
[2016-11-28 19:09:14] Grandma
[2016-11-28 19:09:29] Grandma
[2016-11-28 19:09:29] Grandma
[2016-11-28 19:09:47] Grandma
[2016-11-28 19:09:47] Grandma
[2016-11-28 19:10:04] Grandma
[2016-11-28 19:10:04] Grandma
[2016-11-28 19:10:13] Grandma
[2016-11-28 19:10:13] Grandma
[2016-11-28 19:10:26] Grandma
[2016-11-28 19:10:26] Grandma
[2016-11-28 19:10:36] Grandma
[2016-11-28 19:10:36] Grandma
[2016-11-28 19:10:44] Grandma
[2016-11-28 19:10:44] Grandma
[2016-11-28 19:10:58] Grandma
[2016-11-28 19:10:58] Grandma
[2016-11-28 19:11:42] Grandma
[2016-11-28 19:11:42] Grandma
[2016-11-28 19:11:50] Grandma
[2016-11-28 19:11:50] Grandma
[2016-11-28 19:12:08] Grandma
[2016-11-28 19:12:08] Grandma
[2016-11-28 19:12:25] Grandma
[2016-11-28 19:12:25] Grandma
[2016-11-28 19:13:25] Grandma
[2016-11-28 19:13:25] Grandma
[2016-11-28 19:18:55] Grandma
[2016-11-28 19:18:55] Grandma
[2016-11-28 19:19:12] Grandma
[2016-11-28 19:19:12] Grandma
[2016-11-28 19:19:59] Grandma
[2016-11-28 19:19:59] Grandma
[2016-11-28 19:20:04] Grandma
[2016-11-28 19:20:04] Grandma
[2016-11-28 19:20:52] Grandma
[2016-11-28 19:20:52] Grandma
[2016-11-28 19:20:57] Grandma
[2016-11-28 19:20:57] Grandma
[2016-11-28 19:22:19] Grandma
[2016-11-28 19:22:19] Grandma
[2016-11-28 19:22:48] Grandma
[2016-11-28 19:22:48] Grandma
[2016-11-28 19:24:01] Grandma
[2016-11-28 19:24:01] Grandma
[2016-11-28 19:24:33] Grandma
[2016-11-28 19:24:33] Grandma
[2016-11-28 19:24:47] Grandma
[2016-11-28 19:24:47] Grandma
[2016-11-28 19:25:12] Grandma
[2016-11-28 19:25:12] Grandma
[2016-11-28 19:25:22] Grandma
[2016-11-28 19:25:22] Grandma
[2016-11-28 19:25:32] Grandma
[2016-11-28 19:25:32] Grandma
[2016-11-28 19:25:55] Grandma
[2016-11-28 19:25:55] Grandma
[2016-11-28 19:26:13] Grandma
[2016-11-28 19:26:13] Grandma
[2016-11-28 19:26:22] Grandma
[2016-11-28 19:26:22] Grandma
[2016-11-28 19:26:34] Grandma
[2016-11-28 19:26:34] Grandma
[2016-11-28 19:26:40] Grandma
[2016-11-28 19:26:40] Grandma
[2016-11-28 19:26:45] Grandma
[2016-11-28 19:26:45] Grandma
[2016-11-28 19:27:37] Livingroom
[2016-11-28 19:27:37] Livingroom
[2016-11-28 19:27:43] Livingroom
[2016-11-28 19:27:43] Livingroom
[2016-11-28 19:27:49] Livingroom
[2016-11-28 19:27:49] Livingroom
[2016-11-28 19:27:55] Livingroom
[2016-11-28 19:27:55] Livingroom
[2016-11-28 19:28:00] Bedroom
[2016-11-28 19:28:00] Bedroom
[2016-11-28 19:29:50] Bedroom
[2016-11-28 19:29:50] Bedroom
[2016-11-28 19:30:11] Bedroom
[2016-11-28 19:30:11] Bedroom
[2016-11-28 19:30:17] Bedroom
[2016-11-28 19:30:17] Bedroom
[2016-11-28 19:30:23] Bedroom
[2016-11-28 19:30:23] Bedroom
[2016-11-28 19:30:30] Bedroom
[2016-11-28 19:30:30] Bedroom
[2016-11-28 19:30:37] Livingroom
[2016-11-28 19:30:37] Livingroom
[2016-11-28 19:30:41] Bedroom
[2016-11-28 19:30:41] Bedroom
[2016-11-28 19:30:47] Bedroom
[2016-11-28 19:30:47] Bedroom
[2016-11-28 19:30:55] Bedroom
[2016-11-28 19:30:55] Bedroom
[2016-11-28 19:31:02] Bedroom
[2016-11-28 19:31:02] Bedroom
[2016-11-28 19:31:08] Bedroom
[2016-11-28 19:31:08] Bedroom
[2016-11-28 19:31:16] Bedroom
[2016-11-28 19:31:16] Bedroom
[2016-11-28 19:31:24] Bedroom
[2016-11-28 19:31:24] Bedroom
[2016-11-28 19:31:41] Bedroom
[2016-11-28 19:31:41] Bedroom
[2016-11-28 19:31:50] Bedroom
[2016-11-28 19:31:50] Bedroom
[2016-11-28 19:32:02] Bedroom
[2016-11-28 19:32:02] Bedroom
[2016-11-28 19:32:54] Bedroom
[2016-11-28 19:32:54] Bedroom
[2016-11-28 19:33:01] Bedroom
[2016-11-28 19:33:01] Bedroom
[2016-11-28 19:34:54] Grandma
[2016-11-28 19:34:54] Grandma
[2016-11-28 19:35:17] Grandma
[2016-11-28 19:35:17] Grandma
[2016-11-28 19:38:34] Bedroom
[2016-11-28 19:38:34] Bedroom
[2016-11-28 19:38:46] Bedroom
[2016-11-28 19:38:46] Bedroom
[2016-11-28 19:38:48] Bedroom
[2016-11-28 19:38:48] Bedroom
[2016-11-28 19:39:07] Bedroom
[2016-11-28 19:39:07] Bedroom
[2016-11-28 19:43:53] Bedroom
[2016-11-28 19:43:53] Bedroom
[2016-11-28 19:43:59] Bedroom
[2016-11-28 19:43:59] Bedroom
[2016-11-28 19:46:35] Bedroom
[2016-11-28 19:46:35] Bedroom
[2016-11-28 19:46:41] Bedroom
[2016-11-28 19:46:41] Bedroom
[2016-11-28 19:46:50] Bedroom
[2016-11-28 19:46:50] Bedroom
[2016-11-28 19:56:11] Grandma
[2016-11-28 19:56:11] Grandma
[2016-11-28 19:56:37] Grandma
[2016-11-28 19:56:37] Grandma
[2016-11-28 20:06:59] Grandma
[2016-11-28 20:06:59] Grandma
[2016-11-28 20:07:56] Grandma
[2016-11-28 20:07:56] Grandma
[2016-11-28 20:08:29] Grandma
[2016-11-28 20:08:29] Grandma
[2016-11-28 20:09:19] Grandma
[2016-11-28 20:09:19] Grandma
[2016-11-28 20:09:27] Grandma
[2016-11-28 20:09:27] Grandma
[2016-11-28 20:35:25] Livingroom
[2016-11-28 20:35:25] Livingroom
[2016-11-28 20:35:33] Livingroom
[2016-11-28 20:35:33] Livingroom
[2016-11-28 20:35:39] Livingroom
[2016-11-28 20:35:39] Livingroom
[2016-11-28 20:36:48] Grandma
[2016-11-28 20:36:48] Grandma
[2016-11-28 21:13:23] Livingroom
[2016-11-28 21:13:23] Livingroom
[2016-11-28 21:14:06] Livingroom
[2016-11-28 21:14:06] Livingroom
[2016-11-28 21:18:04] Livingroom
[2016-11-28 21:18:04] Livingroom
[2016-11-28 21:18:35] Livingroom
[2016-11-28 21:18:35] Livingroom
[2016-11-28 21:56:22] Grandma
[2016-11-28 21:56:22] Grandma
[2016-11-28 22:01:37] Grandma
[2016-11-28 22:01:37] Grandma
[2016-11-28 23:26:24] Bedroom
[2016-11-28 23:26:24] Bedroom
[2016-11-28 23:26:31] Bedroom
[2016-11-28 23:26:31] Bedroom
[2016-11-28 23:28:16] Bedroom
[2016-11-28 23:28:16] Bedroom
[2016-11-29 04:16:48] Bedroom
[2016-11-29 04:16:48] Bedroom
[2016-11-29 04:16:56] Bedroom
[2016-11-29 04:16:56] Bedroom
[2016-11-29 04:17:07] Bedroom
[2016-11-29 04:17:07] Bedroom
[2016-11-29 04:18:03] Bedroom
[2016-11-29 04:18:03] Bedroom
[2016-11-29 04:18:07] Livingroom
[2016-11-29 04:18:07] Livingroom
[2016-11-29 05:06:16] Livingroom
[2016-11-29 05:06:16] Livingroom
[2016-11-29 05:06:19] Bedroom
[2016-11-29 05:06:19] Bedroom
[2016-11-29 05:06:21] Bedroom
[2016-11-29 05:06:21] Bedroom
[2016-11-29 05:06:21] Bedroom
[2016-11-29 05:06:21] Bedroom
[2016-11-29 05:06:21] Bedroom
[2016-11-29 05:06:21] Bedroom
[2016-11-29 05:06:21] Bedroom
[2016-11-29 05:06:21] Bedroom
[2016-11-29 05:08:54] Bedroom
[2016-11-29 05:08:54] Bedroom
[2016-11-29 05:08:55] Bedroom
[2016-11-29 05:08:55] Bedroom
[2016-11-29 05:08:55] Bedroom
[2016-11-29 05:08:55] Bedroom
[2016-11-29 05:08:55] Bedroom
[2016-11-29 05:08:55] Bedroom
[2016-11-29 05:08:55] Bedroom
[2016-11-29 05:08:55] Bedroom
[2016-11-29 05:08:55] Bedroom
[2016-11-29 05:08:55] Bedroom
[2016-11-29 05:09:00] Bedroom
[2016-11-29 05:09:00] Bedroom
[2016-11-29 05:09:07] Bedroom
[2016-11-29 05:09:07] Bedroom
[2016-11-29 05:09:33] Bedroom
[2016-11-29 05:09:33] Bedroom
[2016-11-29 05:09:38] Bedroom
[2016-11-29 05:09:38] Bedroom
[2016-11-29 05:10:00] Bedroom
[2016-11-29 05:10:00] Bedroom
[2016-11-29 05:10:06] Bedroom
[2016-11-29 05:10:06] Bedroom
[2016-11-29 05:10:11] Bedroom
[2016-11-29 05:10:11] Bedroom
[2016-11-29 05:10:17] Bedroom
[2016-11-29 05:10:17] Bedroom
[2016-11-29 05:10:23] Bedroom
[2016-11-29 05:10:23] Bedroom
[2016-11-29 05:10:28] Bedroom
[2016-11-29 05:10:28] Bedroom
[2016-11-29 05:10:35] Bedroom
[2016-11-29 05:10:35] Bedroom
[2016-11-29 05:10:42] Bedroom
[2016-11-29 05:10:42] Bedroom
[2016-11-29 05:10:52] Bedroom
[2016-11-29 05:10:52] Bedroom
[2016-11-29 05:11:08] Bedroom
[2016-11-29 05:11:08] Bedroom
[2016-11-29 05:11:13] Bedroom
[2016-11-29 05:11:13] Bedroom
[2016-11-29 05:11:19] Bedroom
[2016-11-29 05:11:19] Bedroom
[2016-11-29 05:11:25] Bedroom
[2016-11-29 05:11:25] Bedroom
[2016-11-29 05:11:30] Bedroom
[2016-11-29 05:11:30] Bedroom
[2016-11-29 05:11:38] Bedroom
[2016-11-29 05:11:38] Bedroom
[2016-11-29 05:11:45] Bedroom
[2016-11-29 05:11:45] Bedroom
[2016-11-29 05:11:50] Bedroom
[2016-11-29 05:11:50] Bedroom
[2016-11-29 05:11:56] Bedroom
[2016-11-29 05:11:56] Bedroom
[2016-11-29 05:12:02] Bedroom
[2016-11-29 05:12:02] Bedroom
[2016-11-29 05:12:07] Bedroom
[2016-11-29 05:12:07] Bedroom
[2016-11-29 05:12:14] Bedroom
[2016-11-29 05:12:14] Bedroom
[2016-11-29 05:12:33] Livingroom
[2016-11-29 05:12:33] Livingroom
[2016-11-29 05:12:38] Bedroom
[2016-11-29 05:12:38] Bedroom
[2016-11-29 05:12:47] Window
[2016-11-29 05:12:47] Window
[2016-11-29 05:13:00] Bedroom
[2016-11-29 05:13:00] Bedroom
[2016-11-29 05:13:05] Bedroom
[2016-11-29 05:13:05] Bedroom
[2016-11-29 05:13:08] Livingroom
[2016-11-29 05:13:08] Livingroom
[2016-11-29 05:13:27] Livingroom
[2016-11-29 05:13:27] Livingroom
[2016-11-29 05:13:38] Livingroom
[2016-11-29 05:13:38] Livingroom
[2016-11-29 05:25:55] Grandma
[2016-11-29 05:25:55] Grandma
[2016-11-29 05:26:02] Grandma
[2016-11-29 05:26:02] Grandma
[2016-11-29 05:26:35] Grandma
[2016-11-29 05:26:35] Grandma
[2016-11-29 05:27:47] Grandma
[2016-11-29 05:27:47] Grandma
[2016-11-29 05:27:53] Grandma
[2016-11-29 05:27:53] Grandma
[2016-11-29 06:04:01] Livingroom
[2016-11-29 06:04:01] Livingroom
[2016-11-29 06:04:07] Livingroom
[2016-11-29 06:04:07] Livingroom
[2016-11-29 06:06:41] Livingroom
[2016-11-29 06:06:41] Livingroom
[2016-11-29 06:06:47] Bedroom
[2016-11-29 06:06:47] Bedroom
[2016-11-29 06:06:52] Bedroom
[2016-11-29 06:06:52] Bedroom
[2016-11-29 06:06:59] Livingroom
[2016-11-29 06:06:59] Livingroom
[2016-11-29 06:07:06] Livingroom
[2016-11-29 06:07:06] Livingroom
[2016-11-29 06:07:21] Livingroom
[2016-11-29 06:07:21] Livingroom
[2016-11-29 06:07:29] Livingroom
[2016-11-29 06:07:29] Livingroom
[2016-11-29 06:07:51] Livingroom
[2016-11-29 06:07:51] Livingroom
[2016-11-29 06:46:00] Grandma
[2016-11-29 06:46:00] Grandma
[2016-11-29 06:50:04] Grandma
[2016-11-29 06:50:04] Grandma
[2016-11-29 07:30:14] Grandma
[2016-11-29 07:30:14] Grandma
[2016-11-29 07:34:13] Grandma
[2016-11-29 07:34:13] Grandma
[2016-11-29 07:38:05] Grandma
[2016-11-29 07:38:05] Grandma
[2016-11-29 08:39:49] Grandma
[2016-11-29 08:39:49] Grandma
[2016-11-29 08:40:08] Grandma
[2016-11-29 08:40:08] Grandma
[2016-11-29 08:40:16] Grandma
[2016-11-29 08:40:16] Grandma
[2016-11-29 08:46:29] Grandma
[2016-11-29 08:46:29] Grandma
[2016-11-29 08:54:21] Grandma
[2016-11-29 08:54:21] Grandma
[2016-11-29 08:54:57] Grandma
[2016-11-29 08:54:57] Grandma
[2016-11-29 08:55:21] Grandma
[2016-11-29 08:55:21] Grandma
[2016-11-29 09:02:26] Grandma
[2016-11-29 09:02:26] Grandma
[2016-11-29 09:02:48] Grandma
[2016-11-29 09:02:48] Grandma
[2016-11-29 09:03:06] Grandma
[2016-11-29 09:03:06] Grandma
[2016-11-29 09:03:52] Grandma
[2016-11-29 09:03:52] Grandma
[2016-11-29 09:04:01] Grandma
[2016-11-29 09:04:01] Grandma
[2016-11-29 09:04:16] Grandma
[2016-11-29 09:04:16] Grandma
[2016-11-29 09:04:25] Grandma
[2016-11-29 09:04:25] Grandma
[2016-11-29 09:04:32] Grandma
[2016-11-29 09:04:32] Grandma
[2016-11-29 09:04:46] Grandma
[2016-11-29 09:04:46] Grandma
[2016-11-29 09:05:24] Grandma
[2016-11-29 09:05:24] Grandma
[2016-11-29 09:05:32] Grandma
[2016-11-29 09:05:32] Grandma
[2016-11-29 09:05:47] Grandma
[2016-11-29 09:05:47] Grandma
[2016-11-29 09:06:00] Grandma
[2016-11-29 09:06:00] Grandma
[2016-11-29 09:06:45] Grandma
[2016-11-29 09:06:45] Grandma
[2016-11-29 09:07:04] Grandma
[2016-11-29 09:07:04] Grandma
[2016-11-29 09:07:39] Grandma
[2016-11-29 09:07:39] Grandma
[2016-11-29 09:07:43] Livingroom
[2016-11-29 09:07:43] Livingroom
[2016-11-29 09:07:50] Grandma
[2016-11-29 09:07:50] Grandma
[2016-11-29 09:07:52] Livingroom
[2016-11-29 09:07:52] Livingroom
[2016-11-29 09:07:59] Grandma
[2016-11-29 09:07:59] Grandma
[2016-11-29 09:08:00] Grandma
[2016-11-29 09:08:00] Grandma
[2016-11-29 09:08:00] Livingroom
[2016-11-29 09:08:00] Livingroom
[2016-11-29 09:08:01] Livingroom
[2016-11-29 09:08:01] Livingroom
[2016-11-29 09:08:13] Grandma
[2016-11-29 09:08:13] Grandma
[2016-11-29 09:08:36] Grandma
[2016-11-29 09:08:36] Grandma
[2016-11-29 09:08:46] Bedroom
[2016-11-29 09:08:46] Bedroom
[2016-11-29 09:08:49] Bedroom
[2016-11-29 09:08:49] Bedroom
[2016-11-29 09:08:49] Grandma
[2016-11-29 09:08:49] Grandma
[2016-11-29 09:08:49] Grandma
[2016-11-29 09:08:49] Grandma
[2016-11-29 09:08:56] Grandma
[2016-11-29 09:08:56] Grandma
[2016-11-29 09:09:03] Grandma
[2016-11-29 09:09:03] Grandma
[2016-11-29 09:09:41] Grandma
[2016-11-29 09:09:41] Grandma
[2016-11-29 09:12:53] Bedroom
[2016-11-29 09:12:53] Bedroom
[2016-11-29 09:13:26] Bedroom
[2016-11-29 09:13:26] Bedroom
[2016-11-29 09:13:27] Bedroom
[2016-11-29 09:13:31] Grandma
[2016-11-29 09:13:50] Grandma
[2016-11-29 09:13:51] Bedroom
[2016-11-29 09:13:51] Grandma
[2016-11-29 09:13:53] Bedroom
[2016-11-29 09:14:15] Grandma
[2016-11-29 09:14:21] Grandma
[2016-11-29 09:14:33] Grandma
[2016-11-29 09:14:46] Grandma
[2016-11-29 09:15:46] Livingroom
[2016-11-29 09:16:35] Bedroom
[2016-11-29 09:16:35] Bedroom
[2016-11-29 09:17:11] Bedroom
[2016-11-29 09:18:02] Livingroom
[2016-11-29 09:18:02] Livingroom
[2016-11-29 09:18:18] Livingroom
[2016-11-29 09:18:18] Livingroom
[2016-11-29 09:18:48] Livingroom
[2016-11-29 09:18:48] Livingroom
[2016-11-29 09:18:55] Livingroom
[2016-11-29 09:18:55] Livingroom
[2016-11-29 09:19:01] Livingroom
[2016-11-29 09:19:01] Livingroom
[2016-11-29 09:19:05] Bedroom
[2016-11-29 09:19:05] Bedroom
[2016-11-29 09:19:18] Livingroom
[2016-11-29 09:19:18] Livingroom
[2016-11-29 09:19:29] Bedroom
[2016-11-29 09:19:29] Bedroom
[2016-11-29 09:19:32] Livingroom
[2016-11-29 09:19:32] Livingroom
[2016-11-29 09:23:13] Grandma
[2016-11-29 09:23:13] Grandma
[2016-11-29 09:25:58] Livingroom
[2016-11-29 09:25:58] Livingroom
[2016-11-29 09:27:35] Bedroom
[2016-11-29 09:27:35] Bedroom
[2016-11-29 09:29:49] Bedroom
[2016-11-29 09:29:49] Bedroom
[2016-11-29 09:31:25] Bedroom
[2016-11-29 09:39:34] Livingroom
[2016-11-29 09:39:34] Livingroom
[2016-11-29 09:40:43] Grandma
[2016-11-29 09:40:43] Grandma
[2016-11-29 09:41:16] Grandma
[2016-11-29 09:41:16] Grandma
[2016-11-29 09:41:22] Grandma
[2016-11-29 09:41:22] Grandma
[2016-11-29 09:47:56] Grandma
[2016-11-29 09:47:56] Grandma
[2016-11-29 09:48:18] Grandma
[2016-11-29 09:48:18] Grandma
[2016-11-29 09:55:47] Grandma
[2016-11-29 09:55:47] Grandma
[2016-11-29 09:57:39] Grandma
[2016-11-29 09:57:39] Grandma
[2016-11-29 09:58:08] Grandma
[2016-11-29 09:58:08] Grandma
[2016-11-29 09:58:27] Alarm activated
[2016-11-29 09:58:28] Alarm deactivated
[2016-11-29 10:00:38] Grandma
[2016-11-29 10:00:38] Grandma
[2016-11-29 10:00:52] Grandma
[2016-11-29 10:00:52] Grandma
[2016-11-29 10:01:02] Grandma
[2016-11-29 10:01:02] Grandma
[2016-11-29 10:01:23] Grandma
[2016-11-29 10:01:23] Grandma
[2016-11-29 10:02:36] Bedroom
[2016-11-29 10:02:36] Bedroom
[2016-11-29 10:02:49] Bedroom
[2016-11-29 10:02:49] Bedroom
[2016-11-29 10:03:55] Bedroom
[2016-11-29 10:03:55] Bedroom
[2016-11-29 10:05:19] Grandma
[2016-11-29 10:05:19] Grandma
[2016-11-29 10:05:25] Grandma
[2016-11-29 10:05:25] Grandma
[2016-11-29 10:07:22] Grandma
[2016-11-29 10:07:22] Grandma
[2016-11-29 10:08:16] Livingroom
[2016-11-29 10:08:16] Livingroom
[2016-11-29 10:11:59] Grandma
[2016-11-29 10:11:59] Grandma
[2016-11-29 10:12:31] Grandma
[2016-11-29 10:12:31] Grandma
[2016-11-29 10:16:12] Grandma
[2016-11-29 10:19:25] Bedroom
[2016-11-29 10:20:07] Livingroom
[2016-11-29 10:20:20] Livingroom
[2016-11-29 10:20:32] Livingroom
[2016-11-29 10:20:38] Livingroom
[2016-11-29 10:20:43] Livingroom
[2016-11-29 10:34:28] Livingroom
[2016-11-29 10:34:37] Livingroom
[2016-11-29 10:35:32] Grandma
[2016-11-29 10:36:16] Grandma
[2016-11-29 10:36:59] Grandma
[2016-11-29 10:37:00] Grandma
[2016-11-29 10:44:30] Grandma
[2016-11-29 10:44:30] Grandma
[2016-11-29 10:44:46] Grandma
[2016-11-29 10:44:46] Grandma
[2016-11-29 10:45:42] Livingroom
[2016-11-29 10:45:42] Livingroom
[2016-11-29 10:46:00] Grandma
[2016-11-29 10:46:00] Grandma
[2016-11-29 10:46:58] Grandma
[2016-11-29 10:46:58] Grandma
[2016-11-29 10:47:56] Grandma
[2016-11-29 10:47:56] Grandma
[2016-11-29 10:53:23] Grandma
[2016-11-29 10:53:23] Grandma
[2016-11-29 10:54:03] Grandma
[2016-11-29 10:54:03] Grandma
[2016-11-29 10:54:04] Grandma
[2016-11-29 11:01:55] Grandma
[2016-11-29 11:01:55] Grandma
[2016-11-29 11:03:59] Grandma
[2016-11-29 11:03:59] Grandma
[2016-11-29 11:04:29] Grandma
[2016-11-29 11:04:29] Grandma
[2016-11-29 11:04:38] Grandma
[2016-11-29 11:04:38] Grandma
[2016-11-29 11:04:39] Grandma
[2016-11-29 11:04:51] Grandma
[2016-11-29 11:05:56] Grandma
[2016-11-29 11:06:58] Grandma
[2016-11-29 11:07:18] Bedroom
[2016-11-29 11:08:25] Bedroom
[2016-11-29 11:08:47] Bedroom
[2016-11-29 11:08:55] Bedroom
[2016-11-29 11:09:58] Grandma
[2016-11-29 11:13:19] Grandma
[2016-11-29 11:13:59] Grandma
[2016-11-29 11:14:19] Grandma
[2016-11-29 11:15:54] Grandma
[2016-11-29 11:21:35] Livingroom
[2016-11-29 11:21:42] Livingroom
[2016-11-29 11:21:44] Bedroom
[2016-11-29 11:21:44] Livingroom
[2016-11-29 11:21:44] Bedroom
[2016-11-29 11:22:36] Livingroom
[2016-11-29 11:22:46] Livingroom
[2016-11-29 11:23:07] Grandma
[2016-11-29 11:23:27] Grandma
[2016-11-29 11:27:40] Livingroom
[2016-11-29 11:27:52] Livingroom
[2016-11-29 11:34:19] Grandma
[2016-11-29 11:34:47] Grandma
[2016-11-29 11:35:30] Grandma
[2016-11-29 11:36:29] Grandma
[2016-11-29 11:36:48] Grandma
[2016-11-29 11:36:56] Grandma
[2016-11-29 11:36:57] Grandma
[2016-11-29 11:37:05] Grandma
[2016-11-29 11:37:28] Grandma
[2016-11-29 11:37:30] Grandma
[2016-11-29 11:37:41] Grandma
[2016-11-29 11:38:13] Grandma
[2016-11-29 11:41:10] Bedroom
[2016-11-29 11:41:10] Bedroom
[2016-11-29 11:42:16] Grandma
[2016-11-29 11:42:16] Grandma
[2016-11-29 11:43:29] Livingroom
[2016-11-29 11:43:29] Livingroom
[2016-11-29 11:44:24] Grandma
[2016-11-29 11:44:24] Grandma
[2016-11-29 11:50:02] Grandma
[2016-11-29 11:50:02] Grandma
[2016-11-29 11:52:39] Grandma
[2016-11-29 11:52:39] Grandma
[2016-11-29 11:52:55] Grandma
[2016-11-29 11:52:55] Grandma
[2016-11-29 11:53:13] Grandma
[2016-11-29 11:53:13] Grandma
[2016-11-29 11:53:23] Grandma
[2016-11-29 11:53:23] Grandma
[2016-11-29 11:58:15] Grandma
[2016-11-29 11:58:15] Grandma
[2016-11-29 11:58:31] Grandma
[2016-11-29 11:58:31] Grandma
[2016-11-29 12:02:34] Grandma
[2016-11-29 12:03:13] Grandma
[2016-11-29 12:03:13] Grandma
[2016-11-29 12:04:04] Grandma
[2016-11-29 12:04:04] Grandma
[2016-11-29 12:04:17] Grandma
[2016-11-29 12:04:17] Grandma
[2016-11-29 12:04:23] Grandma
[2016-11-29 12:04:23] Grandma
[2016-11-29 12:04:53] Grandma
[2016-11-29 12:04:53] Grandma
[2016-11-29 12:04:59] Grandma
[2016-11-29 12:04:59] Grandma
[2016-11-29 12:06:08] Grandma
[2016-11-29 12:06:32] Livingroom
[2016-11-29 12:06:59] Grandma
[2016-11-29 12:07:16] Grandma
[2016-11-29 12:07:42] Grandma
[2016-11-29 12:08:14] Grandma
[2016-11-29 12:08:34] Grandma
[2016-11-29 12:08:45] Grandma
[2016-11-29 12:08:57] Grandma
[2016-11-29 12:09:26] Grandma
[2016-11-29 12:09:34] Grandma
[2016-11-29 12:09:56] Grandma
[2016-11-29 12:10:24] Grandma
[2016-11-29 12:11:37] Grandma
[2016-11-29 12:11:48] Grandma
[2016-11-29 12:14:13] Grandma
[2016-11-29 12:14:56] Grandma
[2016-11-29 12:15:11] Grandma
[2016-11-29 12:15:29] Grandma
[2016-11-29 12:15:52] Grandma
[2016-11-29 12:17:03] Grandma
[2016-11-29 12:17:57] Grandma
[2016-11-29 12:19:23] Grandma
[2016-11-29 12:19:40] Grandma
[2016-11-29 12:19:52] Grandma
[2016-11-29 12:22:18] Grandma
[2016-11-29 12:23:52] Grandma
[2016-11-29 12:26:16] Grandma
[2016-11-29 12:26:52] Grandma
[2016-11-29 12:27:16] Grandma
[2016-11-29 12:27:21] Grandma
[2016-11-29 12:27:30] Grandma
[2016-11-29 12:28:32] Grandma
[2016-11-29 12:32:18] Grandma
[2016-11-29 12:32:30] Grandma
[2016-11-29 12:32:36] Grandma
[2016-11-29 12:32:47] Grandma
[2016-11-29 12:33:00] Grandma
[2016-11-29 12:36:54] Grandma
[2016-11-29 12:38:10] Grandma
[2016-11-29 12:38:19] Grandma
[2016-11-29 12:38:31] Grandma
[2016-11-29 12:38:43] Grandma
[2016-11-29 12:38:54] Grandma
[2016-11-29 12:39:04] Grandma
[2016-11-29 12:39:11] Grandma
[2016-11-29 12:39:42] Grandma
[2016-11-29 12:40:10] Grandma
[2016-11-29 12:42:40] Grandma
[2016-11-29 12:42:50] Grandma
[2016-11-29 12:43:18] Grandma
[2016-11-29 12:43:27] Grandma
[2016-11-29 12:45:44] Grandma
[2016-11-29 12:46:10] Grandma
[2016-11-29 12:46:24] Grandma
[2016-11-29 12:50:53] Grandma
[2016-11-29 12:51:21] Livingroom
[2016-11-29 12:51:41] Livingroom
[2016-11-29 12:52:02] Livingroom
[2016-11-29 12:52:09] Livingroom
[2016-11-29 12:53:20] Livingroom
[2016-11-29 12:53:33] Livingroom
[2016-11-29 12:53:49] Livingroom
[2016-11-29 12:54:05] Livingroom
[2016-11-29 12:54:11] Livingroom
[2016-11-29 12:54:20] Livingroom
[2016-11-29 12:54:26] Livingroom
[2016-11-29 12:54:37] Livingroom
[2016-11-29 12:55:18] Livingroom
[2016-11-29 12:55:23] Livingroom
[2016-11-29 12:55:32] Alarm activated
[2016-11-29 12:55:35] Alarm deactivated
[2016-11-29 12:55:36] Alarm activated
[2016-11-29 12:55:37] Serene started
[2016-11-29 12:55:37] Livingroom
[2016-11-29 12:55:37] Livingroom
[2016-11-29 12:55:37] Livingroom
[2016-11-29 12:55:37] Livingroom
[2016-11-29 12:55:40] Alarm deactivated
[2016-11-29 12:55:47] Alarm activated
[2016-11-29 12:55:50] Serene started
[2016-11-29 12:55:50] Livingroom
[2016-11-29 12:55:50] Livingroom
[2016-11-29 12:55:50] Livingroom
[2016-11-29 12:55:50] Livingroom
[2016-11-29 12:55:50] Livingroom
[2016-11-29 12:55:56] Alarm deactivated
[2016-11-29 12:56:15] Alarm activated
[2016-11-29 12:56:18] Serene started
[2016-11-29 12:56:18] Livingroom
[2016-11-29 12:56:18] Livingroom
[2016-11-29 12:56:18] Livingroom
[2016-11-29 12:56:21] Alarm deactivated
[2016-11-29 12:57:24] Alarm activated
[2016-11-29 12:57:26] Serene started
[2016-11-29 12:57:26] Livingroom
[2016-11-29 12:57:26] Livingroom
[2016-11-29 12:57:27] Alarm deactivated
[2016-11-29 12:57:27] Livingroom
[2016-11-29 13:03:03] Livingroom
[2016-11-29 13:03:08] Livingroom
[2016-11-29 13:04:31] Livingroom
[2016-11-29 13:04:37] Livingroom
[2016-11-29 13:04:42] Livingroom
[2016-11-29 13:04:48] Livingroom
[2016-11-29 13:05:16] Livingroom
